<?xml version="1.0" encoding="UTF-8"?>
<testsuite xmlns:xsi="http://www.w3.org/2001/XMLSchema-instance" xsi:noNamespaceSchemaLocation="https://maven.apache.org/surefire/maven-surefire-plugin/xsd/surefire-test-report-3.0.xsd" version="3.0" name="cn.edu.nju.software.naivetest.TestFrontEnd" time="3.937" tests="13" errors="0" skipped="0" failures="5">
  <properties>
[...]
</properties>
  <testcase name="testAll(String)[1]" classname="cn.edu.nju.software.naivetest.TestFrontEnd" time="0.388">
    <system-err><![CDATA[1
]]></system-err>
  </testcase>
  <testcase name="testAll(String)[2]" classname="cn.edu.nju.software.naivetest.TestFrontEnd" time="0.764">
    <system-err><![CDATA[0
]]></system-err>
  </testcase>
  <testcase name="testAll(String)[3]" classname="cn.edu.nju.software.naivetest.TestFrontEnd" time="0.218">
    <system-err><![CDATA[36
]]></system-err>
  </testcase>
  <testcase name="testAll(String)[4]" classname="cn.edu.nju.software.naivetest.TestFrontEnd" time="0.207">
    <failure message="expected: &lt;true&gt; but was: &lt;false&gt;" type="org.opentest4j.AssertionFailedError"><![CDATA[org.opentest4j.AssertionFailedError: expected: <true> but was: <false>
	at org.junit.jupiter.api.AssertionFailureBuilder.build(AssertionFailureBuilder.java:151)
	at org.junit.jupiter.api.AssertionFailureBuilder.buildAndThrow(AssertionFailureBuilder.java:132)
	at org.junit.jupiter.api.AssertTrue.failNotTrue(AssertTrue.java:63)
	at org.junit.jupiter.api.AssertTrue.assertTrue(AssertTrue.java:36)
	at org.junit.jupiter.api.AssertTrue.assertTrue(AssertTrue.java:31)
	at org.junit.jupiter.api.Assertions.assertTrue(Assertions.java:183)
	at cn.edu.nju.software.naivetest.TestFrontEnd.testFile(TestFrontEnd.java:73)
	at cn.edu.nju.software.naivetest.TestFrontEnd.testAll(TestFrontEnd.java:62)
	at java.base/java.lang.reflect.Method.invoke(Method.java:568)
	at java.base/java.util.stream.ForEachOps$ForEachOp$OfRef.accept(ForEachOps.java:183)
	at java.base/java.util.stream.ReferencePipeline$3$1.accept(ReferencePipeline.java:197)
	at java.base/java.util.stream.ReferencePipeline$2$1.accept(ReferencePipeline.java:179)
	at java.base/java.util.stream.ReferencePipeline$3$1.accept(ReferencePipeline.java:197)
	at java.base/java.util.stream.ForEachOps$ForEachOp$OfRef.accept(ForEachOps.java:183)
	at java.base/java.util.stream.ReferencePipeline$3$1.accept(ReferencePipeline.java:197)
	at java.base/java.util.stream.ReferencePipeline$3$1.accept(ReferencePipeline.java:197)
	at java.base/java.util.stream.ReferencePipeline$3$1.accept(ReferencePipeline.java:197)
	at java.base/java.util.stream.ForEachOps$ForEachOp$OfRef.accept(ForEachOps.java:183)
	at java.base/java.util.stream.ForEachOps$ForEachOp$OfRef.accept(ForEachOps.java:183)
	at java.base/java.util.stream.ReferencePipeline$3$1.accept(ReferencePipeline.java:197)
	at java.base/java.util.stream.ForEachOps$ForEachOp$OfRef.accept(ForEachOps.java:183)
	at java.base/java.util.stream.ReferencePipeline$3$1.accept(ReferencePipeline.java:197)
	at java.base/java.util.Spliterators$ArraySpliterator.forEachRemaining(Spliterators.java:992)
	at java.base/java.util.stream.AbstractPipeline.copyInto(AbstractPipeline.java:509)
	at java.base/java.util.stream.AbstractPipeline.wrapAndCopyInto(AbstractPipeline.java:499)
	at java.base/java.util.stream.ForEachOps$ForEachOp.evaluateSequential(ForEachOps.java:150)
	at java.base/java.util.stream.ForEachOps$ForEachOp$OfRef.evaluateSequential(ForEachOps.java:173)
	at java.base/java.util.stream.AbstractPipeline.evaluate(AbstractPipeline.java:234)
	at java.base/java.util.stream.ReferencePipeline.forEach(ReferencePipeline.java:596)
	at java.base/java.util.stream.ReferencePipeline$7$1.accept(ReferencePipeline.java:276)
	at java.base/java.util.stream.ReferencePipeline$3$1.accept(ReferencePipeline.java:197)
	at java.base/java.util.stream.ReferencePipeline$3$1.accept(ReferencePipeline.java:197)
	at java.base/java.util.stream.ReferencePipeline$3$1.accept(ReferencePipeline.java:197)
	at java.base/java.util.Spliterators$ArraySpliterator.forEachRemaining(Spliterators.java:992)
	at java.base/java.util.stream.AbstractPipeline.copyInto(AbstractPipeline.java:509)
	at java.base/java.util.stream.AbstractPipeline.wrapAndCopyInto(AbstractPipeline.java:499)
	at java.base/java.util.stream.ForEachOps$ForEachOp.evaluateSequential(ForEachOps.java:150)
	at java.base/java.util.stream.ForEachOps$ForEachOp$OfRef.evaluateSequential(ForEachOps.java:173)
	at java.base/java.util.stream.AbstractPipeline.evaluate(AbstractPipeline.java:234)
	at java.base/java.util.stream.ReferencePipeline.forEach(ReferencePipeline.java:596)
	at java.base/java.util.stream.ReferencePipeline$7$1.accept(ReferencePipeline.java:276)
	at java.base/java.util.ArrayList$ArrayListSpliterator.forEachRemaining(ArrayList.java:1625)
	at java.base/java.util.stream.AbstractPipeline.copyInto(AbstractPipeline.java:509)
	at java.base/java.util.stream.AbstractPipeline.wrapAndCopyInto(AbstractPipeline.java:499)
	at java.base/java.util.stream.ForEachOps$ForEachOp.evaluateSequential(ForEachOps.java:150)
	at java.base/java.util.stream.ForEachOps$ForEachOp$OfRef.evaluateSequential(ForEachOps.java:173)
	at java.base/java.util.stream.AbstractPipeline.evaluate(AbstractPipeline.java:234)
	at java.base/java.util.stream.ReferencePipeline.forEach(ReferencePipeline.java:596)
	at java.base/java.util.stream.ReferencePipeline$7$1.accept(ReferencePipeline.java:276)
	at java.base/java.util.stream.ReferencePipeline$3$1.accept(ReferencePipeline.java:197)
	at java.base/java.util.stream.ReferencePipeline$3$1.accept(ReferencePipeline.java:197)
	at java.base/java.util.stream.ReferencePipeline$3$1.accept(ReferencePipeline.java:197)
	at java.base/java.util.ArrayList$ArrayListSpliterator.forEachRemaining(ArrayList.java:1625)
	at java.base/java.util.stream.AbstractPipeline.copyInto(AbstractPipeline.java:509)
	at java.base/java.util.stream.AbstractPipeline.wrapAndCopyInto(AbstractPipeline.java:499)
	at java.base/java.util.stream.ForEachOps$ForEachOp.evaluateSequential(ForEachOps.java:150)
	at java.base/java.util.stream.ForEachOps$ForEachOp$OfRef.evaluateSequential(ForEachOps.java:173)
	at java.base/java.util.stream.AbstractPipeline.evaluate(AbstractPipeline.java:234)
	at java.base/java.util.stream.ReferencePipeline.forEach(ReferencePipeline.java:596)
	at java.base/java.util.stream.ReferencePipeline$7$1.accept(ReferencePipeline.java:276)
	at java.base/java.util.ArrayList$ArrayListSpliterator.forEachRemaining(ArrayList.java:1625)
	at java.base/java.util.stream.AbstractPipeline.copyInto(AbstractPipeline.java:509)
	at java.base/java.util.stream.AbstractPipeline.wrapAndCopyInto(AbstractPipeline.java:499)
	at java.base/java.util.stream.ForEachOps$ForEachOp.evaluateSequential(ForEachOps.java:150)
	at java.base/java.util.stream.ForEachOps$ForEachOp$OfRef.evaluateSequential(ForEachOps.java:173)
	at java.base/java.util.stream.AbstractPipeline.evaluate(AbstractPipeline.java:234)
	at java.base/java.util.stream.ReferencePipeline.forEach(ReferencePipeline.java:596)
	at java.base/java.util.ArrayList.forEach(ArrayList.java:1511)
	at java.base/java.util.ArrayList.forEach(ArrayList.java:1511)
]]></failure>
    <system-out><![CDATA[Error type B at Line 6: mismatched input '&&' expecting {',', ';'}
Error:
lli: lli: src/test/resources/ll/square.ll:25:21: error: expected type
  store [10 x i32] [10 x i32] [%num1, i32 0, i32 0, i32 0, i32 0, i32 0, i32 0, i32 0, i32 0, i32 0], [10 x i32]* %a, align 16
                    ^


]]></system-out>
  </testcase>
  <testcase name="testAll(String)[5]" classname="cn.edu.nju.software.naivetest.TestFrontEnd" time="0.317">
    <system-err><![CDATA[Exception in thread "Thread-5" java.lang.StackOverflowError
	at java.base/java.util.Vector.<init>(Vector.java:159)
	at java.base/java.util.Vector.<init>(Vector.java:168)
	at java.base/java.util.Stack.<init>(Stack.java:52)
	at cn.edu.nju.software.pass.LoopInvariantCodeMotionPass.findJudgeBlock(LoopInvariantCodeMotionPass.java:148)
	at cn.edu.nju.software.pass.LoopInvariantCodeMotionPass.doPass(LoopInvariantCodeMotionPass.java:74)
	at cn.edu.nju.software.pass.LoopInvariantCodeMotionPass.doPass(LoopInvariantCodeMotionPass.java:77)
	at cn.edu.nju.software.pass.LoopInvariantCodeMotionPass.doPass(LoopInvariantCodeMotionPass.java:77)
	at cn.edu.nju.software.pass.LoopInvariantCodeMotionPass.doPass(LoopInvariantCodeMotionPass.java:77)
	at cn.edu.nju.software.pass.LoopInvariantCodeMotionPass.doPass(LoopInvariantCodeMotionPass.java:77)
	at cn.edu.nju.software.pass.LoopInvariantCodeMotionPass.doPass(LoopInvariantCodeMotionPass.java:77)
	at cn.edu.nju.software.pass.LoopInvariantCodeMotionPass.doPass(LoopInvariantCodeMotionPass.java:77)
	at cn.edu.nju.software.pass.LoopInvariantCodeMotionPass.doPass(LoopInvariantCodeMotionPass.java:77)
	at cn.edu.nju.software.pass.LoopInvariantCodeMotionPass.doPass(LoopInvariantCodeMotionPass.java:77)
	at cn.edu.nju.software.pass.LoopInvariantCodeMotionPass.doPass(LoopInvariantCodeMotionPass.java:77)
	at cn.edu.nju.software.pass.LoopInvariantCodeMotionPass.doPass(LoopInvariantCodeMotionPass.java:77)
	at cn.edu.nju.software.pass.LoopInvariantCodeMotionPass.doPass(LoopInvariantCodeMotionPass.java:77)
	at cn.edu.nju.software.pass.LoopInvariantCodeMotionPass.doPass(LoopInvariantCodeMotionPass.java:77)
	at cn.edu.nju.software.pass.LoopInvariantCodeMotionPass.doPass(LoopInvariantCodeMotionPass.java:77)
	at cn.edu.nju.software.pass.LoopInvariantCodeMotionPass.doPass(LoopInvariantCodeMotionPass.java:77)
	at cn.edu.nju.software.pass.LoopInvariantCodeMotionPass.doPass(LoopInvariantCodeMotionPass.java:77)
	at cn.edu.nju.software.pass.LoopInvariantCodeMotionPass.doPass(LoopInvariantCodeMotionPass.java:77)
	at cn.edu.nju.software.pass.LoopInvariantCodeMotionPass.doPass(LoopInvariantCodeMotionPass.java:77)
	at cn.edu.nju.software.pass.LoopInvariantCodeMotionPass.doPass(LoopInvariantCodeMotionPass.java:77)
	at cn.edu.nju.software.pass.LoopInvariantCodeMotionPass.doPass(LoopInvariantCodeMotionPass.java:77)
	at cn.edu.nju.software.pass.LoopInvariantCodeMotionPass.doPass(LoopInvariantCodeMotionPass.java:77)
	at cn.edu.nju.software.pass.LoopInvariantCodeMotionPass.doPass(LoopInvariantCodeMotionPass.java:77)
	at cn.edu.nju.software.pass.LoopInvariantCodeMotionPass.doPass(LoopInvariantCodeMotionPass.java:77)
	at cn.edu.nju.software.pass.LoopInvariantCodeMotionPass.doPass(LoopInvariantCodeMotionPass.java:77)
	at cn.edu.nju.software.pass.LoopInvariantCodeMotionPass.doPass(LoopInvariantCodeMotionPass.java:77)
	at cn.edu.nju.software.pass.LoopInvariantCodeMotionPass.doPass(LoopInvariantCodeMotionPass.java:77)
	at cn.edu.nju.software.pass.LoopInvariantCodeMotionPass.doPass(LoopInvariantCodeMotionPass.java:77)
	at cn.edu.nju.software.pass.LoopInvariantCodeMotionPass.doPass(LoopInvariantCodeMotionPass.java:77)
	at cn.edu.nju.software.pass.LoopInvariantCodeMotionPass.doPass(LoopInvariantCodeMotionPass.java:77)
	at cn.edu.nju.software.pass.LoopInvariantCodeMotionPass.doPass(LoopInvariantCodeMotionPass.java:77)
	at cn.edu.nju.software.pass.LoopInvariantCodeMotionPass.doPass(LoopInvariantCodeMotionPass.java:77)
	at cn.edu.nju.software.pass.LoopInvariantCodeMotionPass.doPass(LoopInvariantCodeMotionPass.java:77)
	at cn.edu.nju.software.pass.LoopInvariantCodeMotionPass.doPass(LoopInvariantCodeMotionPass.java:77)
	at cn.edu.nju.software.pass.LoopInvariantCodeMotionPass.doPass(LoopInvariantCodeMotionPass.java:77)
	at cn.edu.nju.software.pass.LoopInvariantCodeMotionPass.doPass(LoopInvariantCodeMotionPass.java:77)
	at cn.edu.nju.software.pass.LoopInvariantCodeMotionPass.doPass(LoopInvariantCodeMotionPass.java:77)
	at cn.edu.nju.software.pass.LoopInvariantCodeMotionPass.doPass(LoopInvariantCodeMotionPass.java:77)
	at cn.edu.nju.software.pass.LoopInvariantCodeMotionPass.doPass(LoopInvariantCodeMotionPass.java:77)
	at cn.edu.nju.software.pass.LoopInvariantCodeMotionPass.doPass(LoopInvariantCodeMotionPass.java:77)
	at cn.edu.nju.software.pass.LoopInvariantCodeMotionPass.doPass(LoopInvariantCodeMotionPass.java:77)
	at cn.edu.nju.software.pass.LoopInvariantCodeMotionPass.doPass(LoopInvariantCodeMotionPass.java:77)
	at cn.edu.nju.software.pass.LoopInvariantCodeMotionPass.doPass(LoopInvariantCodeMotionPass.java:77)
	at cn.edu.nju.software.pass.LoopInvariantCodeMotionPass.doPass(LoopInvariantCodeMotionPass.java:77)
	at cn.edu.nju.software.pass.LoopInvariantCodeMotionPass.doPass(LoopInvariantCodeMotionPass.java:77)
	at cn.edu.nju.software.pass.LoopInvariantCodeMotionPass.doPass(LoopInvariantCodeMotionPass.java:77)
	at cn.edu.nju.software.pass.LoopInvariantCodeMotionPass.doPass(LoopInvariantCodeMotionPass.java:77)
	at cn.edu.nju.software.pass.LoopInvariantCodeMotionPass.doPass(LoopInvariantCodeMotionPass.java:77)
	at cn.edu.nju.software.pass.LoopInvariantCodeMotionPass.doPass(LoopInvariantCodeMotionPass.java:77)
	at cn.edu.nju.software.pass.LoopInvariantCodeMotionPass.doPass(LoopInvariantCodeMotionPass.java:77)
	at cn.edu.nju.software.pass.LoopInvariantCodeMotionPass.doPass(LoopInvariantCodeMotionPass.java:77)
	at cn.edu.nju.software.pass.LoopInvariantCodeMotionPass.doPass(LoopInvariantCodeMotionPass.java:77)
	at cn.edu.nju.software.pass.LoopInvariantCodeMotionPass.doPass(LoopInvariantCodeMotionPass.java:77)
	at cn.edu.nju.software.pass.LoopInvariantCodeMotionPass.doPass(LoopInvariantCodeMotionPass.java:77)
	at cn.edu.nju.software.pass.LoopInvariantCodeMotionPass.doPass(LoopInvariantCodeMotionPass.java:77)
	at cn.edu.nju.software.pass.LoopInvariantCodeMotionPass.doPass(LoopInvariantCodeMotionPass.java:77)
	at cn.edu.nju.software.pass.LoopInvariantCodeMotionPass.doPass(LoopInvariantCodeMotionPass.java:77)
	at cn.edu.nju.software.pass.LoopInvariantCodeMotionPass.doPass(LoopInvariantCodeMotionPass.java:77)
	at cn.edu.nju.software.pass.LoopInvariantCodeMotionPass.doPass(LoopInvariantCodeMotionPass.java:77)
	at cn.edu.nju.software.pass.LoopInvariantCodeMotionPass.doPass(LoopInvariantCodeMotionPass.java:77)
	at cn.edu.nju.software.pass.LoopInvariantCodeMotionPass.doPass(LoopInvariantCodeMotionPass.java:77)
	at cn.edu.nju.software.pass.LoopInvariantCodeMotionPass.doPass(LoopInvariantCodeMotionPass.java:77)
	at cn.edu.nju.software.pass.LoopInvariantCodeMotionPass.doPass(LoopInvariantCodeMotionPass.java:77)
	at cn.edu.nju.software.pass.LoopInvariantCodeMotionPass.doPass(LoopInvariantCodeMotionPass.java:77)
	at cn.edu.nju.software.pass.LoopInvariantCodeMotionPass.doPass(LoopInvariantCodeMotionPass.java:77)
	at cn.edu.nju.software.pass.LoopInvariantCodeMotionPass.doPass(LoopInvariantCodeMotionPass.java:77)
	at cn.edu.nju.software.pass.LoopInvariantCodeMotionPass.doPass(LoopInvariantCodeMotionPass.java:77)
	at cn.edu.nju.software.pass.LoopInvariantCodeMotionPass.doPass(LoopInvariantCodeMotionPass.java:77)
	at cn.edu.nju.software.pass.LoopInvariantCodeMotionPass.doPass(LoopInvariantCodeMotionPass.java:77)
	at cn.edu.nju.software.pass.LoopInvariantCodeMotionPass.doPass(LoopInvariantCodeMotionPass.java:77)
	at cn.edu.nju.software.pass.LoopInvariantCodeMotionPass.doPass(LoopInvariantCodeMotionPass.java:77)
	at cn.edu.nju.software.pass.LoopInvariantCodeMotionPass.doPass(LoopInvariantCodeMotionPass.java:77)
	at cn.edu.nju.software.pass.LoopInvariantCodeMotionPass.doPass(LoopInvariantCodeMotionPass.java:77)
	at cn.edu.nju.software.pass.LoopInvariantCodeMotionPass.doPass(LoopInvariantCodeMotionPass.java:77)
	at cn.edu.nju.software.pass.LoopInvariantCodeMotionPass.doPass(LoopInvariantCodeMotionPass.java:77)
	at cn.edu.nju.software.pass.LoopInvariantCodeMotionPass.doPass(LoopInvariantCodeMotionPass.java:77)
	at cn.edu.nju.software.pass.LoopInvariantCodeMotionPass.doPass(LoopInvariantCodeMotionPass.java:77)
	at cn.edu.nju.software.pass.LoopInvariantCodeMotionPass.doPass(LoopInvariantCodeMotionPass.java:77)
	at cn.edu.nju.software.pass.LoopInvariantCodeMotionPass.doPass(LoopInvariantCodeMotionPass.java:77)
	at cn.edu.nju.software.pass.LoopInvariantCodeMotionPass.doPass(LoopInvariantCodeMotionPass.java:77)
	at cn.edu.nju.software.pass.LoopInvariantCodeMotionPass.doPass(LoopInvariantCodeMotionPass.java:77)
	at cn.edu.nju.software.pass.LoopInvariantCodeMotionPass.doPass(LoopInvariantCodeMotionPass.java:77)
	at cn.edu.nju.software.pass.LoopInvariantCodeMotionPass.doPass(LoopInvariantCodeMotionPass.java:77)
	at cn.edu.nju.software.pass.LoopInvariantCodeMotionPass.doPass(LoopInvariantCodeMotionPass.java:77)
	at cn.edu.nju.software.pass.LoopInvariantCodeMotionPass.doPass(LoopInvariantCodeMotionPass.java:77)
	at cn.edu.nju.software.pass.LoopInvariantCodeMotionPass.doPass(LoopInvariantCodeMotionPass.java:77)
	at cn.edu.nju.software.pass.LoopInvariantCodeMotionPass.doPass(LoopInvariantCodeMotionPass.java:77)
	at cn.edu.nju.software.pass.LoopInvariantCodeMotionPass.doPass(LoopInvariantCodeMotionPass.java:77)
	at cn.edu.nju.software.pass.LoopInvariantCodeMotionPass.doPass(LoopInvariantCodeMotionPass.java:77)
	at cn.edu.nju.software.pass.LoopInvariantCodeMotionPass.doPass(LoopInvariantCodeMotionPass.java:77)
	at cn.edu.nju.software.pass.LoopInvariantCodeMotionPass.doPass(LoopInvariantCodeMotionPass.java:77)
	at cn.edu.nju.software.pass.LoopInvariantCodeMotionPass.doPass(LoopInvariantCodeMotionPass.java:77)
	at cn.edu.nju.software.pass.LoopInvariantCodeMotionPass.doPass(LoopInvariantCodeMotionPass.java:77)
	at cn.edu.nju.software.pass.LoopInvariantCodeMotionPass.doPass(LoopInvariantCodeMotionPass.java:77)
	at cn.edu.nju.software.pass.LoopInvariantCodeMotionPass.doPass(LoopInvariantCodeMotionPass.java:77)
	at cn.edu.nju.software.pass.LoopInvariantCodeMotionPass.doPass(LoopInvariantCodeMotionPass.java:77)
	at cn.edu.nju.software.pass.LoopInvariantCodeMotionPass.doPass(LoopInvariantCodeMotionPass.java:77)
	at cn.edu.nju.software.pass.LoopInvariantCodeMotionPass.doPass(LoopInvariantCodeMotionPass.java:77)
	at cn.edu.nju.software.pass.LoopInvariantCodeMotionPass.doPass(LoopInvariantCodeMotionPass.java:77)
	at cn.edu.nju.software.pass.LoopInvariantCodeMotionPass.doPass(LoopInvariantCodeMotionPass.java:77)
	at cn.edu.nju.software.pass.LoopInvariantCodeMotionPass.doPass(LoopInvariantCodeMotionPass.java:77)
	at cn.edu.nju.software.pass.LoopInvariantCodeMotionPass.doPass(LoopInvariantCodeMotionPass.java:77)
	at cn.edu.nju.software.pass.LoopInvariantCodeMotionPass.doPass(LoopInvariantCodeMotionPass.java:77)
	at cn.edu.nju.software.pass.LoopInvariantCodeMotionPass.doPass(LoopInvariantCodeMotionPass.java:77)
	at cn.edu.nju.software.pass.LoopInvariantCodeMotionPass.doPass(LoopInvariantCodeMotionPass.java:77)
	at cn.edu.nju.software.pass.LoopInvariantCodeMotionPass.doPass(LoopInvariantCodeMotionPass.java:77)
	at cn.edu.nju.software.pass.LoopInvariantCodeMotionPass.doPass(LoopInvariantCodeMotionPass.java:77)
	at cn.edu.nju.software.pass.LoopInvariantCodeMotionPass.doPass(LoopInvariantCodeMotionPass.java:77)
	at cn.edu.nju.software.pass.LoopInvariantCodeMotionPass.doPass(LoopInvariantCodeMotionPass.java:77)
	at cn.edu.nju.software.pass.LoopInvariantCodeMotionPass.doPass(LoopInvariantCodeMotionPass.java:77)
	at cn.edu.nju.software.pass.LoopInvariantCodeMotionPass.doPass(LoopInvariantCodeMotionPass.java:77)
	at cn.edu.nju.software.pass.LoopInvariantCodeMotionPass.doPass(LoopInvariantCodeMotionPass.java:77)
	at cn.edu.nju.software.pass.LoopInvariantCodeMotionPass.doPass(LoopInvariantCodeMotionPass.java:77)
	at cn.edu.nju.software.pass.LoopInvariantCodeMotionPass.doPass(LoopInvariantCodeMotionPass.java:77)
	at cn.edu.nju.software.pass.LoopInvariantCodeMotionPass.doPass(LoopInvariantCodeMotionPass.java:77)
	at cn.edu.nju.software.pass.LoopInvariantCodeMotionPass.doPass(LoopInvariantCodeMotionPass.java:77)
	at cn.edu.nju.software.pass.LoopInvariantCodeMotionPass.doPass(LoopInvariantCodeMotionPass.java:77)
	at cn.edu.nju.software.pass.LoopInvariantCodeMotionPass.doPass(LoopInvariantCodeMotionPass.java:77)
	at cn.edu.nju.software.pass.LoopInvariantCodeMotionPass.doPass(LoopInvariantCodeMotionPass.java:77)
	at cn.edu.nju.software.pass.LoopInvariantCodeMotionPass.doPass(LoopInvariantCodeMotionPass.java:77)
	at cn.edu.nju.software.pass.LoopInvariantCodeMotionPass.doPass(LoopInvariantCodeMotionPass.java:77)
	at cn.edu.nju.software.pass.LoopInvariantCodeMotionPass.doPass(LoopInvariantCodeMotionPass.java:77)
	at cn.edu.nju.software.pass.LoopInvariantCodeMotionPass.doPass(LoopInvariantCodeMotionPass.java:77)
	at cn.edu.nju.software.pass.LoopInvariantCodeMotionPass.doPass(LoopInvariantCodeMotionPass.java:77)
	at cn.edu.nju.software.pass.LoopInvariantCodeMotionPass.doPass(LoopInvariantCodeMotionPass.java:77)
	at cn.edu.nju.software.pass.LoopInvariantCodeMotionPass.doPass(LoopInvariantCodeMotionPass.java:77)
	at cn.edu.nju.software.pass.LoopInvariantCodeMotionPass.doPass(LoopInvariantCodeMotionPass.java:77)
	at cn.edu.nju.software.pass.LoopInvariantCodeMotionPass.doPass(LoopInvariantCodeMotionPass.java:77)
	at cn.edu.nju.software.pass.LoopInvariantCodeMotionPass.doPass(LoopInvariantCodeMotionPass.java:77)
	at cn.edu.nju.software.pass.LoopInvariantCodeMotionPass.doPass(LoopInvariantCodeMotionPass.java:77)
	at cn.edu.nju.software.pass.LoopInvariantCodeMotionPass.doPass(LoopInvariantCodeMotionPass.java:77)
	at cn.edu.nju.software.pass.LoopInvariantCodeMotionPass.doPass(LoopInvariantCodeMotionPass.java:77)
	at cn.edu.nju.software.pass.LoopInvariantCodeMotionPass.doPass(LoopInvariantCodeMotionPass.java:77)
	at cn.edu.nju.software.pass.LoopInvariantCodeMotionPass.doPass(LoopInvariantCodeMotionPass.java:77)
	at cn.edu.nju.software.pass.LoopInvariantCodeMotionPass.doPass(LoopInvariantCodeMotionPass.java:77)
	at cn.edu.nju.software.pass.LoopInvariantCodeMotionPass.doPass(LoopInvariantCodeMotionPass.java:77)
	at cn.edu.nju.software.pass.LoopInvariantCodeMotionPass.doPass(LoopInvariantCodeMotionPass.java:77)
	at cn.edu.nju.software.pass.LoopInvariantCodeMotionPass.doPass(LoopInvariantCodeMotionPass.java:77)
	at cn.edu.nju.software.pass.LoopInvariantCodeMotionPass.doPass(LoopInvariantCodeMotionPass.java:77)
	at cn.edu.nju.software.pass.LoopInvariantCodeMotionPass.doPass(LoopInvariantCodeMotionPass.java:77)
	at cn.edu.nju.software.pass.LoopInvariantCodeMotionPass.doPass(LoopInvariantCodeMotionPass.java:77)
	at cn.edu.nju.software.pass.LoopInvariantCodeMotionPass.doPass(LoopInvariantCodeMotionPass.java:77)
	at cn.edu.nju.software.pass.LoopInvariantCodeMotionPass.doPass(LoopInvariantCodeMotionPass.java:77)
	at cn.edu.nju.software.pass.LoopInvariantCodeMotionPass.doPass(LoopInvariantCodeMotionPass.java:77)
	at cn.edu.nju.software.pass.LoopInvariantCodeMotionPass.doPass(LoopInvariantCodeMotionPass.java:77)
	at cn.edu.nju.software.pass.LoopInvariantCodeMotionPass.doPass(LoopInvariantCodeMotionPass.java:77)
	at cn.edu.nju.software.pass.LoopInvariantCodeMotionPass.doPass(LoopInvariantCodeMotionPass.java:77)
	at cn.edu.nju.software.pass.LoopInvariantCodeMotionPass.doPass(LoopInvariantCodeMotionPass.java:77)
	at cn.edu.nju.software.pass.LoopInvariantCodeMotionPass.doPass(LoopInvariantCodeMotionPass.java:77)
	at cn.edu.nju.software.pass.LoopInvariantCodeMotionPass.doPass(LoopInvariantCodeMotionPass.java:77)
	at cn.edu.nju.software.pass.LoopInvariantCodeMotionPass.doPass(LoopInvariantCodeMotionPass.java:77)
	at cn.edu.nju.software.pass.LoopInvariantCodeMotionPass.doPass(LoopInvariantCodeMotionPass.java:77)
	at cn.edu.nju.software.pass.LoopInvariantCodeMotionPass.doPass(LoopInvariantCodeMotionPass.java:77)
	at cn.edu.nju.software.pass.LoopInvariantCodeMotionPass.doPass(LoopInvariantCodeMotionPass.java:77)
	at cn.edu.nju.software.pass.LoopInvariantCodeMotionPass.doPass(LoopInvariantCodeMotionPass.java:77)
	at cn.edu.nju.software.pass.LoopInvariantCodeMotionPass.doPass(LoopInvariantCodeMotionPass.java:77)
	at cn.edu.nju.software.pass.LoopInvariantCodeMotionPass.doPass(LoopInvariantCodeMotionPass.java:77)
	at cn.edu.nju.software.pass.LoopInvariantCodeMotionPass.doPass(LoopInvariantCodeMotionPass.java:77)
	at cn.edu.nju.software.pass.LoopInvariantCodeMotionPass.doPass(LoopInvariantCodeMotionPass.java:77)
	at cn.edu.nju.software.pass.LoopInvariantCodeMotionPass.doPass(LoopInvariantCodeMotionPass.java:77)
	at cn.edu.nju.software.pass.LoopInvariantCodeMotionPass.doPass(LoopInvariantCodeMotionPass.java:77)
	at cn.edu.nju.software.pass.LoopInvariantCodeMotionPass.doPass(LoopInvariantCodeMotionPass.java:77)
	at cn.edu.nju.software.pass.LoopInvariantCodeMotionPass.doPass(LoopInvariantCodeMotionPass.java:77)
	at cn.edu.nju.software.pass.LoopInvariantCodeMotionPass.doPass(LoopInvariantCodeMotionPass.java:77)
	at cn.edu.nju.software.pass.LoopInvariantCodeMotionPass.doPass(LoopInvariantCodeMotionPass.java:77)
	at cn.edu.nju.software.pass.LoopInvariantCodeMotionPass.doPass(LoopInvariantCodeMotionPass.java:77)
	at cn.edu.nju.software.pass.LoopInvariantCodeMotionPass.doPass(LoopInvariantCodeMotionPass.java:77)
	at cn.edu.nju.software.pass.LoopInvariantCodeMotionPass.doPass(LoopInvariantCodeMotionPass.java:77)
	at cn.edu.nju.software.pass.LoopInvariantCodeMotionPass.doPass(LoopInvariantCodeMotionPass.java:77)
	at cn.edu.nju.software.pass.LoopInvariantCodeMotionPass.doPass(LoopInvariantCodeMotionPass.java:77)
	at cn.edu.nju.software.pass.LoopInvariantCodeMotionPass.doPass(LoopInvariantCodeMotionPass.java:77)
	at cn.edu.nju.software.pass.LoopInvariantCodeMotionPass.doPass(LoopInvariantCodeMotionPass.java:77)
	at cn.edu.nju.software.pass.LoopInvariantCodeMotionPass.doPass(LoopInvariantCodeMotionPass.java:77)
	at cn.edu.nju.software.pass.LoopInvariantCodeMotionPass.doPass(LoopInvariantCodeMotionPass.java:77)
	at cn.edu.nju.software.pass.LoopInvariantCodeMotionPass.doPass(LoopInvariantCodeMotionPass.java:77)
	at cn.edu.nju.software.pass.LoopInvariantCodeMotionPass.doPass(LoopInvariantCodeMotionPass.java:77)
	at cn.edu.nju.software.pass.LoopInvariantCodeMotionPass.doPass(LoopInvariantCodeMotionPass.java:77)
	at cn.edu.nju.software.pass.LoopInvariantCodeMotionPass.doPass(LoopInvariantCodeMotionPass.java:77)
	at cn.edu.nju.software.pass.LoopInvariantCodeMotionPass.doPass(LoopInvariantCodeMotionPass.java:77)
	at cn.edu.nju.software.pass.LoopInvariantCodeMotionPass.doPass(LoopInvariantCodeMotionPass.java:77)
	at cn.edu.nju.software.pass.LoopInvariantCodeMotionPass.doPass(LoopInvariantCodeMotionPass.java:77)
	at cn.edu.nju.software.pass.LoopInvariantCodeMotionPass.doPass(LoopInvariantCodeMotionPass.java:77)
	at cn.edu.nju.software.pass.LoopInvariantCodeMotionPass.doPass(LoopInvariantCodeMotionPass.java:77)
	at cn.edu.nju.software.pass.LoopInvariantCodeMotionPass.doPass(LoopInvariantCodeMotionPass.java:77)
	at cn.edu.nju.software.pass.LoopInvariantCodeMotionPass.doPass(LoopInvariantCodeMotionPass.java:77)
	at cn.edu.nju.software.pass.LoopInvariantCodeMotionPass.doPass(LoopInvariantCodeMotionPass.java:77)
	at cn.edu.nju.software.pass.LoopInvariantCodeMotionPass.doPass(LoopInvariantCodeMotionPass.java:77)
	at cn.edu.nju.software.pass.LoopInvariantCodeMotionPass.doPass(LoopInvariantCodeMotionPass.java:77)
	at cn.edu.nju.software.pass.LoopInvariantCodeMotionPass.doPass(LoopInvariantCodeMotionPass.java:77)
	at cn.edu.nju.software.pass.LoopInvariantCodeMotionPass.doPass(LoopInvariantCodeMotionPass.java:77)
	at cn.edu.nju.software.pass.LoopInvariantCodeMotionPass.doPass(LoopInvariantCodeMotionPass.java:77)
	at cn.edu.nju.software.pass.LoopInvariantCodeMotionPass.doPass(LoopInvariantCodeMotionPass.java:77)
	at cn.edu.nju.software.pass.LoopInvariantCodeMotionPass.doPass(LoopInvariantCodeMotionPass.java:77)
	at cn.edu.nju.software.pass.LoopInvariantCodeMotionPass.doPass(LoopInvariantCodeMotionPass.java:77)
	at cn.edu.nju.software.pass.LoopInvariantCodeMotionPass.doPass(LoopInvariantCodeMotionPass.java:77)
	at cn.edu.nju.software.pass.LoopInvariantCodeMotionPass.doPass(LoopInvariantCodeMotionPass.java:77)
	at cn.edu.nju.software.pass.LoopInvariantCodeMotionPass.doPass(LoopInvariantCodeMotionPass.java:77)
	at cn.edu.nju.software.pass.LoopInvariantCodeMotionPass.doPass(LoopInvariantCodeMotionPass.java:77)
	at cn.edu.nju.software.pass.LoopInvariantCodeMotionPass.doPass(LoopInvariantCodeMotionPass.java:77)
	at cn.edu.nju.software.pass.LoopInvariantCodeMotionPass.doPass(LoopInvariantCodeMotionPass.java:77)
	at cn.edu.nju.software.pass.LoopInvariantCodeMotionPass.doPass(LoopInvariantCodeMotionPass.java:77)
	at cn.edu.nju.software.pass.LoopInvariantCodeMotionPass.doPass(LoopInvariantCodeMotionPass.java:77)
	at cn.edu.nju.software.pass.LoopInvariantCodeMotionPass.doPass(LoopInvariantCodeMotionPass.java:77)
	at cn.edu.nju.software.pass.LoopInvariantCodeMotionPass.doPass(LoopInvariantCodeMotionPass.java:77)
	at cn.edu.nju.software.pass.LoopInvariantCodeMotionPass.doPass(LoopInvariantCodeMotionPass.java:77)
	at cn.edu.nju.software.pass.LoopInvariantCodeMotionPass.doPass(LoopInvariantCodeMotionPass.java:77)
	at cn.edu.nju.software.pass.LoopInvariantCodeMotionPass.doPass(LoopInvariantCodeMotionPass.java:77)
	at cn.edu.nju.software.pass.LoopInvariantCodeMotionPass.doPass(LoopInvariantCodeMotionPass.java:77)
	at cn.edu.nju.software.pass.LoopInvariantCodeMotionPass.doPass(LoopInvariantCodeMotionPass.java:77)
	at cn.edu.nju.software.pass.LoopInvariantCodeMotionPass.doPass(LoopInvariantCodeMotionPass.java:77)
	at cn.edu.nju.software.pass.LoopInvariantCodeMotionPass.doPass(LoopInvariantCodeMotionPass.java:77)
	at cn.edu.nju.software.pass.LoopInvariantCodeMotionPass.doPass(LoopInvariantCodeMotionPass.java:77)
	at cn.edu.nju.software.pass.LoopInvariantCodeMotionPass.doPass(LoopInvariantCodeMotionPass.java:77)
	at cn.edu.nju.software.pass.LoopInvariantCodeMotionPass.doPass(LoopInvariantCodeMotionPass.java:77)
	at cn.edu.nju.software.pass.LoopInvariantCodeMotionPass.doPass(LoopInvariantCodeMotionPass.java:77)
	at cn.edu.nju.software.pass.LoopInvariantCodeMotionPass.doPass(LoopInvariantCodeMotionPass.java:77)
	at cn.edu.nju.software.pass.LoopInvariantCodeMotionPass.doPass(LoopInvariantCodeMotionPass.java:77)
	at cn.edu.nju.software.pass.LoopInvariantCodeMotionPass.doPass(LoopInvariantCodeMotionPass.java:77)
	at cn.edu.nju.software.pass.LoopInvariantCodeMotionPass.doPass(LoopInvariantCodeMotionPass.java:77)
	at cn.edu.nju.software.pass.LoopInvariantCodeMotionPass.doPass(LoopInvariantCodeMotionPass.java:77)
	at cn.edu.nju.software.pass.LoopInvariantCodeMotionPass.doPass(LoopInvariantCodeMotionPass.java:77)
	at cn.edu.nju.software.pass.LoopInvariantCodeMotionPass.doPass(LoopInvariantCodeMotionPass.java:77)
	at cn.edu.nju.software.pass.LoopInvariantCodeMotionPass.doPass(LoopInvariantCodeMotionPass.java:77)
	at cn.edu.nju.software.pass.LoopInvariantCodeMotionPass.doPass(LoopInvariantCodeMotionPass.java:77)
	at cn.edu.nju.software.pass.LoopInvariantCodeMotionPass.doPass(LoopInvariantCodeMotionPass.java:77)
	at cn.edu.nju.software.pass.LoopInvariantCodeMotionPass.doPass(LoopInvariantCodeMotionPass.java:77)
	at cn.edu.nju.software.pass.LoopInvariantCodeMotionPass.doPass(LoopInvariantCodeMotionPass.java:77)
	at cn.edu.nju.software.pass.LoopInvariantCodeMotionPass.doPass(LoopInvariantCodeMotionPass.java:77)
	at cn.edu.nju.software.pass.LoopInvariantCodeMotionPass.doPass(LoopInvariantCodeMotionPass.java:77)
	at cn.edu.nju.software.pass.LoopInvariantCodeMotionPass.doPass(LoopInvariantCodeMotionPass.java:77)
	at cn.edu.nju.software.pass.LoopInvariantCodeMotionPass.doPass(LoopInvariantCodeMotionPass.java:77)
	at cn.edu.nju.software.pass.LoopInvariantCodeMotionPass.doPass(LoopInvariantCodeMotionPass.java:77)
	at cn.edu.nju.software.pass.LoopInvariantCodeMotionPass.doPass(LoopInvariantCodeMotionPass.java:77)
	at cn.edu.nju.software.pass.LoopInvariantCodeMotionPass.doPass(LoopInvariantCodeMotionPass.java:77)
	at cn.edu.nju.software.pass.LoopInvariantCodeMotionPass.doPass(LoopInvariantCodeMotionPass.java:77)
	at cn.edu.nju.software.pass.LoopInvariantCodeMotionPass.doPass(LoopInvariantCodeMotionPass.java:77)
	at cn.edu.nju.software.pass.LoopInvariantCodeMotionPass.doPass(LoopInvariantCodeMotionPass.java:77)
	at cn.edu.nju.software.pass.LoopInvariantCodeMotionPass.doPass(LoopInvariantCodeMotionPass.java:77)
	at cn.edu.nju.software.pass.LoopInvariantCodeMotionPass.doPass(LoopInvariantCodeMotionPass.java:77)
	at cn.edu.nju.software.pass.LoopInvariantCodeMotionPass.doPass(LoopInvariantCodeMotionPass.java:77)
	at cn.edu.nju.software.pass.LoopInvariantCodeMotionPass.doPass(LoopInvariantCodeMotionPass.java:77)
	at cn.edu.nju.software.pass.LoopInvariantCodeMotionPass.doPass(LoopInvariantCodeMotionPass.java:77)
	at cn.edu.nju.software.pass.LoopInvariantCodeMotionPass.doPass(LoopInvariantCodeMotionPass.java:77)
	at cn.edu.nju.software.pass.LoopInvariantCodeMotionPass.doPass(LoopInvariantCodeMotionPass.java:77)
	at cn.edu.nju.software.pass.LoopInvariantCodeMotionPass.doPass(LoopInvariantCodeMotionPass.java:77)
	at cn.edu.nju.software.pass.LoopInvariantCodeMotionPass.doPass(LoopInvariantCodeMotionPass.java:77)
	at cn.edu.nju.software.pass.LoopInvariantCodeMotionPass.doPass(LoopInvariantCodeMotionPass.java:77)
	at cn.edu.nju.software.pass.LoopInvariantCodeMotionPass.doPass(LoopInvariantCodeMotionPass.java:77)
	at cn.edu.nju.software.pass.LoopInvariantCodeMotionPass.doPass(LoopInvariantCodeMotionPass.java:77)
	at cn.edu.nju.software.pass.LoopInvariantCodeMotionPass.doPass(LoopInvariantCodeMotionPass.java:77)
	at cn.edu.nju.software.pass.LoopInvariantCodeMotionPass.doPass(LoopInvariantCodeMotionPass.java:77)
	at cn.edu.nju.software.pass.LoopInvariantCodeMotionPass.doPass(LoopInvariantCodeMotionPass.java:77)
	at cn.edu.nju.software.pass.LoopInvariantCodeMotionPass.doPass(LoopInvariantCodeMotionPass.java:77)
	at cn.edu.nju.software.pass.LoopInvariantCodeMotionPass.doPass(LoopInvariantCodeMotionPass.java:77)
	at cn.edu.nju.software.pass.LoopInvariantCodeMotionPass.doPass(LoopInvariantCodeMotionPass.java:77)
	at cn.edu.nju.software.pass.LoopInvariantCodeMotionPass.doPass(LoopInvariantCodeMotionPass.java:77)
	at cn.edu.nju.software.pass.LoopInvariantCodeMotionPass.doPass(LoopInvariantCodeMotionPass.java:77)
	at cn.edu.nju.software.pass.LoopInvariantCodeMotionPass.doPass(LoopInvariantCodeMotionPass.java:77)
	at cn.edu.nju.software.pass.LoopInvariantCodeMotionPass.doPass(LoopInvariantCodeMotionPass.java:77)
	at cn.edu.nju.software.pass.LoopInvariantCodeMotionPass.doPass(LoopInvariantCodeMotionPass.java:77)
	at cn.edu.nju.software.pass.LoopInvariantCodeMotionPass.doPass(LoopInvariantCodeMotionPass.java:77)
	at cn.edu.nju.software.pass.LoopInvariantCodeMotionPass.doPass(LoopInvariantCodeMotionPass.java:77)
	at cn.edu.nju.software.pass.LoopInvariantCodeMotionPass.doPass(LoopInvariantCodeMotionPass.java:77)
	at cn.edu.nju.software.pass.LoopInvariantCodeMotionPass.doPass(LoopInvariantCodeMotionPass.java:77)
	at cn.edu.nju.software.pass.LoopInvariantCodeMotionPass.doPass(LoopInvariantCodeMotionPass.java:77)
	at cn.edu.nju.software.pass.LoopInvariantCodeMotionPass.doPass(LoopInvariantCodeMotionPass.java:77)
	at cn.edu.nju.software.pass.LoopInvariantCodeMotionPass.doPass(LoopInvariantCodeMotionPass.java:77)
	at cn.edu.nju.software.pass.LoopInvariantCodeMotionPass.doPass(LoopInvariantCodeMotionPass.java:77)
	at cn.edu.nju.software.pass.LoopInvariantCodeMotionPass.doPass(LoopInvariantCodeMotionPass.java:77)
	at cn.edu.nju.software.pass.LoopInvariantCodeMotionPass.doPass(LoopInvariantCodeMotionPass.java:77)
	at cn.edu.nju.software.pass.LoopInvariantCodeMotionPass.doPass(LoopInvariantCodeMotionPass.java:77)
	at cn.edu.nju.software.pass.LoopInvariantCodeMotionPass.doPass(LoopInvariantCodeMotionPass.java:77)
	at cn.edu.nju.software.pass.LoopInvariantCodeMotionPass.doPass(LoopInvariantCodeMotionPass.java:77)
	at cn.edu.nju.software.pass.LoopInvariantCodeMotionPass.doPass(LoopInvariantCodeMotionPass.java:77)
	at cn.edu.nju.software.pass.LoopInvariantCodeMotionPass.doPass(LoopInvariantCodeMotionPass.java:77)
	at cn.edu.nju.software.pass.LoopInvariantCodeMotionPass.doPass(LoopInvariantCodeMotionPass.java:77)
	at cn.edu.nju.software.pass.LoopInvariantCodeMotionPass.doPass(LoopInvariantCodeMotionPass.java:77)
	at cn.edu.nju.software.pass.LoopInvariantCodeMotionPass.doPass(LoopInvariantCodeMotionPass.java:77)
	at cn.edu.nju.software.pass.LoopInvariantCodeMotionPass.doPass(LoopInvariantCodeMotionPass.java:77)
	at cn.edu.nju.software.pass.LoopInvariantCodeMotionPass.doPass(LoopInvariantCodeMotionPass.java:77)
	at cn.edu.nju.software.pass.LoopInvariantCodeMotionPass.doPass(LoopInvariantCodeMotionPass.java:77)
	at cn.edu.nju.software.pass.LoopInvariantCodeMotionPass.doPass(LoopInvariantCodeMotionPass.java:77)
	at cn.edu.nju.software.pass.LoopInvariantCodeMotionPass.doPass(LoopInvariantCodeMotionPass.java:77)
	at cn.edu.nju.software.pass.LoopInvariantCodeMotionPass.doPass(LoopInvariantCodeMotionPass.java:77)
	at cn.edu.nju.software.pass.LoopInvariantCodeMotionPass.doPass(LoopInvariantCodeMotionPass.java:77)
	at cn.edu.nju.software.pass.LoopInvariantCodeMotionPass.doPass(LoopInvariantCodeMotionPass.java:77)
	at cn.edu.nju.software.pass.LoopInvariantCodeMotionPass.doPass(LoopInvariantCodeMotionPass.java:77)
	at cn.edu.nju.software.pass.LoopInvariantCodeMotionPass.doPass(LoopInvariantCodeMotionPass.java:77)
	at cn.edu.nju.software.pass.LoopInvariantCodeMotionPass.doPass(LoopInvariantCodeMotionPass.java:77)
	at cn.edu.nju.software.pass.LoopInvariantCodeMotionPass.doPass(LoopInvariantCodeMotionPass.java:77)
	at cn.edu.nju.software.pass.LoopInvariantCodeMotionPass.doPass(LoopInvariantCodeMotionPass.java:77)
	at cn.edu.nju.software.pass.LoopInvariantCodeMotionPass.doPass(LoopInvariantCodeMotionPass.java:77)
	at cn.edu.nju.software.pass.LoopInvariantCodeMotionPass.doPass(LoopInvariantCodeMotionPass.java:77)
	at cn.edu.nju.software.pass.LoopInvariantCodeMotionPass.doPass(LoopInvariantCodeMotionPass.java:77)
	at cn.edu.nju.software.pass.LoopInvariantCodeMotionPass.doPass(LoopInvariantCodeMotionPass.java:77)
	at cn.edu.nju.software.pass.LoopInvariantCodeMotionPass.doPass(LoopInvariantCodeMotionPass.java:77)
	at cn.edu.nju.software.pass.LoopInvariantCodeMotionPass.doPass(LoopInvariantCodeMotionPass.java:77)
	at cn.edu.nju.software.pass.LoopInvariantCodeMotionPass.doPass(LoopInvariantCodeMotionPass.java:77)
	at cn.edu.nju.software.pass.LoopInvariantCodeMotionPass.doPass(LoopInvariantCodeMotionPass.java:77)
	at cn.edu.nju.software.pass.LoopInvariantCodeMotionPass.doPass(LoopInvariantCodeMotionPass.java:77)
	at cn.edu.nju.software.pass.LoopInvariantCodeMotionPass.doPass(LoopInvariantCodeMotionPass.java:77)
	at cn.edu.nju.software.pass.LoopInvariantCodeMotionPass.doPass(LoopInvariantCodeMotionPass.java:77)
	at cn.edu.nju.software.pass.LoopInvariantCodeMotionPass.doPass(LoopInvariantCodeMotionPass.java:77)
	at cn.edu.nju.software.pass.LoopInvariantCodeMotionPass.doPass(LoopInvariantCodeMotionPass.java:77)
	at cn.edu.nju.software.pass.LoopInvariantCodeMotionPass.doPass(LoopInvariantCodeMotionPass.java:77)
	at cn.edu.nju.software.pass.LoopInvariantCodeMotionPass.doPass(LoopInvariantCodeMotionPass.java:77)
	at cn.edu.nju.software.pass.LoopInvariantCodeMotionPass.doPass(LoopInvariantCodeMotionPass.java:77)
	at cn.edu.nju.software.pass.LoopInvariantCodeMotionPass.doPass(LoopInvariantCodeMotionPass.java:77)
	at cn.edu.nju.software.pass.LoopInvariantCodeMotionPass.doPass(LoopInvariantCodeMotionPass.java:77)
	at cn.edu.nju.software.pass.LoopInvariantCodeMotionPass.doPass(LoopInvariantCodeMotionPass.java:77)
	at cn.edu.nju.software.pass.LoopInvariantCodeMotionPass.doPass(LoopInvariantCodeMotionPass.java:77)
	at cn.edu.nju.software.pass.LoopInvariantCodeMotionPass.doPass(LoopInvariantCodeMotionPass.java:77)
	at cn.edu.nju.software.pass.LoopInvariantCodeMotionPass.doPass(LoopInvariantCodeMotionPass.java:77)
	at cn.edu.nju.software.pass.LoopInvariantCodeMotionPass.doPass(LoopInvariantCodeMotionPass.java:77)
	at cn.edu.nju.software.pass.LoopInvariantCodeMotionPass.doPass(LoopInvariantCodeMotionPass.java:77)
	at cn.edu.nju.software.pass.LoopInvariantCodeMotionPass.doPass(LoopInvariantCodeMotionPass.java:77)
	at cn.edu.nju.software.pass.LoopInvariantCodeMotionPass.doPass(LoopInvariantCodeMotionPass.java:77)
	at cn.edu.nju.software.pass.LoopInvariantCodeMotionPass.doPass(LoopInvariantCodeMotionPass.java:77)
	at cn.edu.nju.software.pass.LoopInvariantCodeMotionPass.doPass(LoopInvariantCodeMotionPass.java:77)
	at cn.edu.nju.software.pass.LoopInvariantCodeMotionPass.doPass(LoopInvariantCodeMotionPass.java:77)
	at cn.edu.nju.software.pass.LoopInvariantCodeMotionPass.doPass(LoopInvariantCodeMotionPass.java:77)
	at cn.edu.nju.software.pass.LoopInvariantCodeMotionPass.doPass(LoopInvariantCodeMotionPass.java:77)
	at cn.edu.nju.software.pass.LoopInvariantCodeMotionPass.doPass(LoopInvariantCodeMotionPass.java:77)
	at cn.edu.nju.software.pass.LoopInvariantCodeMotionPass.doPass(LoopInvariantCodeMotionPass.java:77)
	at cn.edu.nju.software.pass.LoopInvariantCodeMotionPass.doPass(LoopInvariantCodeMotionPass.java:77)
	at cn.edu.nju.software.pass.LoopInvariantCodeMotionPass.doPass(LoopInvariantCodeMotionPass.java:77)
	at cn.edu.nju.software.pass.LoopInvariantCodeMotionPass.doPass(LoopInvariantCodeMotionPass.java:77)
	at cn.edu.nju.software.pass.LoopInvariantCodeMotionPass.doPass(LoopInvariantCodeMotionPass.java:77)
	at cn.edu.nju.software.pass.LoopInvariantCodeMotionPass.doPass(LoopInvariantCodeMotionPass.java:77)
	at cn.edu.nju.software.pass.LoopInvariantCodeMotionPass.doPass(LoopInvariantCodeMotionPass.java:77)
	at cn.edu.nju.software.pass.LoopInvariantCodeMotionPass.doPass(LoopInvariantCodeMotionPass.java:77)
	at cn.edu.nju.software.pass.LoopInvariantCodeMotionPass.doPass(LoopInvariantCodeMotionPass.java:77)
	at cn.edu.nju.software.pass.LoopInvariantCodeMotionPass.doPass(LoopInvariantCodeMotionPass.java:77)
	at cn.edu.nju.software.pass.LoopInvariantCodeMotionPass.doPass(LoopInvariantCodeMotionPass.java:77)
	at cn.edu.nju.software.pass.LoopInvariantCodeMotionPass.doPass(LoopInvariantCodeMotionPass.java:77)
	at cn.edu.nju.software.pass.LoopInvariantCodeMotionPass.doPass(LoopInvariantCodeMotionPass.java:77)
	at cn.edu.nju.software.pass.LoopInvariantCodeMotionPass.doPass(LoopInvariantCodeMotionPass.java:77)
	at cn.edu.nju.software.pass.LoopInvariantCodeMotionPass.doPass(LoopInvariantCodeMotionPass.java:77)
	at cn.edu.nju.software.pass.LoopInvariantCodeMotionPass.doPass(LoopInvariantCodeMotionPass.java:77)
	at cn.edu.nju.software.pass.LoopInvariantCodeMotionPass.doPass(LoopInvariantCodeMotionPass.java:77)
	at cn.edu.nju.software.pass.LoopInvariantCodeMotionPass.doPass(LoopInvariantCodeMotionPass.java:77)
	at cn.edu.nju.software.pass.LoopInvariantCodeMotionPass.doPass(LoopInvariantCodeMotionPass.java:77)
	at cn.edu.nju.software.pass.LoopInvariantCodeMotionPass.doPass(LoopInvariantCodeMotionPass.java:77)
	at cn.edu.nju.software.pass.LoopInvariantCodeMotionPass.doPass(LoopInvariantCodeMotionPass.java:77)
	at cn.edu.nju.software.pass.LoopInvariantCodeMotionPass.doPass(LoopInvariantCodeMotionPass.java:77)
	at cn.edu.nju.software.pass.LoopInvariantCodeMotionPass.doPass(LoopInvariantCodeMotionPass.java:77)
	at cn.edu.nju.software.pass.LoopInvariantCodeMotionPass.doPass(LoopInvariantCodeMotionPass.java:77)
	at cn.edu.nju.software.pass.LoopInvariantCodeMotionPass.doPass(LoopInvariantCodeMotionPass.java:77)
	at cn.edu.nju.software.pass.LoopInvariantCodeMotionPass.doPass(LoopInvariantCodeMotionPass.java:77)
	at cn.edu.nju.software.pass.LoopInvariantCodeMotionPass.doPass(LoopInvariantCodeMotionPass.java:77)
	at cn.edu.nju.software.pass.LoopInvariantCodeMotionPass.doPass(LoopInvariantCodeMotionPass.java:77)
	at cn.edu.nju.software.pass.LoopInvariantCodeMotionPass.doPass(LoopInvariantCodeMotionPass.java:77)
	at cn.edu.nju.software.pass.LoopInvariantCodeMotionPass.doPass(LoopInvariantCodeMotionPass.java:77)
	at cn.edu.nju.software.pass.LoopInvariantCodeMotionPass.doPass(LoopInvariantCodeMotionPass.java:77)
	at cn.edu.nju.software.pass.LoopInvariantCodeMotionPass.doPass(LoopInvariantCodeMotionPass.java:77)
	at cn.edu.nju.software.pass.LoopInvariantCodeMotionPass.doPass(LoopInvariantCodeMotionPass.java:77)
	at cn.edu.nju.software.pass.LoopInvariantCodeMotionPass.doPass(LoopInvariantCodeMotionPass.java:77)
	at cn.edu.nju.software.pass.LoopInvariantCodeMotionPass.doPass(LoopInvariantCodeMotionPass.java:77)
	at cn.edu.nju.software.pass.LoopInvariantCodeMotionPass.doPass(LoopInvariantCodeMotionPass.java:77)
	at cn.edu.nju.software.pass.LoopInvariantCodeMotionPass.doPass(LoopInvariantCodeMotionPass.java:77)
	at cn.edu.nju.software.pass.LoopInvariantCodeMotionPass.doPass(LoopInvariantCodeMotionPass.java:77)
	at cn.edu.nju.software.pass.LoopInvariantCodeMotionPass.doPass(LoopInvariantCodeMotionPass.java:77)
	at cn.edu.nju.software.pass.LoopInvariantCodeMotionPass.doPass(LoopInvariantCodeMotionPass.java:77)
	at cn.edu.nju.software.pass.LoopInvariantCodeMotionPass.doPass(LoopInvariantCodeMotionPass.java:77)
	at cn.edu.nju.software.pass.LoopInvariantCodeMotionPass.doPass(LoopInvariantCodeMotionPass.java:77)
	at cn.edu.nju.software.pass.LoopInvariantCodeMotionPass.doPass(LoopInvariantCodeMotionPass.java:77)
	at cn.edu.nju.software.pass.LoopInvariantCodeMotionPass.doPass(LoopInvariantCodeMotionPass.java:77)
	at cn.edu.nju.software.pass.LoopInvariantCodeMotionPass.doPass(LoopInvariantCodeMotionPass.java:77)
	at cn.edu.nju.software.pass.LoopInvariantCodeMotionPass.doPass(LoopInvariantCodeMotionPass.java:77)
	at cn.edu.nju.software.pass.LoopInvariantCodeMotionPass.doPass(LoopInvariantCodeMotionPass.java:77)
	at cn.edu.nju.software.pass.LoopInvariantCodeMotionPass.doPass(LoopInvariantCodeMotionPass.java:77)
	at cn.edu.nju.software.pass.LoopInvariantCodeMotionPass.doPass(LoopInvariantCodeMotionPass.java:77)
	at cn.edu.nju.software.pass.LoopInvariantCodeMotionPass.doPass(LoopInvariantCodeMotionPass.java:77)
	at cn.edu.nju.software.pass.LoopInvariantCodeMotionPass.doPass(LoopInvariantCodeMotionPass.java:77)
	at cn.edu.nju.software.pass.LoopInvariantCodeMotionPass.doPass(LoopInvariantCodeMotionPass.java:77)
	at cn.edu.nju.software.pass.LoopInvariantCodeMotionPass.doPass(LoopInvariantCodeMotionPass.java:77)
	at cn.edu.nju.software.pass.LoopInvariantCodeMotionPass.doPass(LoopInvariantCodeMotionPass.java:77)
	at cn.edu.nju.software.pass.LoopInvariantCodeMotionPass.doPass(LoopInvariantCodeMotionPass.java:77)
	at cn.edu.nju.software.pass.LoopInvariantCodeMotionPass.doPass(LoopInvariantCodeMotionPass.java:77)
	at cn.edu.nju.software.pass.LoopInvariantCodeMotionPass.doPass(LoopInvariantCodeMotionPass.java:77)
	at cn.edu.nju.software.pass.LoopInvariantCodeMotionPass.doPass(LoopInvariantCodeMotionPass.java:77)
	at cn.edu.nju.software.pass.LoopInvariantCodeMotionPass.doPass(LoopInvariantCodeMotionPass.java:77)
	at cn.edu.nju.software.pass.LoopInvariantCodeMotionPass.doPass(LoopInvariantCodeMotionPass.java:77)
	at cn.edu.nju.software.pass.LoopInvariantCodeMotionPass.doPass(LoopInvariantCodeMotionPass.java:77)
	at cn.edu.nju.software.pass.LoopInvariantCodeMotionPass.doPass(LoopInvariantCodeMotionPass.java:77)
	at cn.edu.nju.software.pass.LoopInvariantCodeMotionPass.doPass(LoopInvariantCodeMotionPass.java:77)
	at cn.edu.nju.software.pass.LoopInvariantCodeMotionPass.doPass(LoopInvariantCodeMotionPass.java:77)
	at cn.edu.nju.software.pass.LoopInvariantCodeMotionPass.doPass(LoopInvariantCodeMotionPass.java:77)
	at cn.edu.nju.software.pass.LoopInvariantCodeMotionPass.doPass(LoopInvariantCodeMotionPass.java:77)
	at cn.edu.nju.software.pass.LoopInvariantCodeMotionPass.doPass(LoopInvariantCodeMotionPass.java:77)
	at cn.edu.nju.software.pass.LoopInvariantCodeMotionPass.doPass(LoopInvariantCodeMotionPass.java:77)
	at cn.edu.nju.software.pass.LoopInvariantCodeMotionPass.doPass(LoopInvariantCodeMotionPass.java:77)
	at cn.edu.nju.software.pass.LoopInvariantCodeMotionPass.doPass(LoopInvariantCodeMotionPass.java:77)
	at cn.edu.nju.software.pass.LoopInvariantCodeMotionPass.doPass(LoopInvariantCodeMotionPass.java:77)
	at cn.edu.nju.software.pass.LoopInvariantCodeMotionPass.doPass(LoopInvariantCodeMotionPass.java:77)
	at cn.edu.nju.software.pass.LoopInvariantCodeMotionPass.doPass(LoopInvariantCodeMotionPass.java:77)
	at cn.edu.nju.software.pass.LoopInvariantCodeMotionPass.doPass(LoopInvariantCodeMotionPass.java:77)
	at cn.edu.nju.software.pass.LoopInvariantCodeMotionPass.doPass(LoopInvariantCodeMotionPass.java:77)
	at cn.edu.nju.software.pass.LoopInvariantCodeMotionPass.doPass(LoopInvariantCodeMotionPass.java:77)
	at cn.edu.nju.software.pass.LoopInvariantCodeMotionPass.doPass(LoopInvariantCodeMotionPass.java:77)
	at cn.edu.nju.software.pass.LoopInvariantCodeMotionPass.doPass(LoopInvariantCodeMotionPass.java:77)
	at cn.edu.nju.software.pass.LoopInvariantCodeMotionPass.doPass(LoopInvariantCodeMotionPass.java:77)
	at cn.edu.nju.software.pass.LoopInvariantCodeMotionPass.doPass(LoopInvariantCodeMotionPass.java:77)
	at cn.edu.nju.software.pass.LoopInvariantCodeMotionPass.doPass(LoopInvariantCodeMotionPass.java:77)
	at cn.edu.nju.software.pass.LoopInvariantCodeMotionPass.doPass(LoopInvariantCodeMotionPass.java:77)
	at cn.edu.nju.software.pass.LoopInvariantCodeMotionPass.doPass(LoopInvariantCodeMotionPass.java:77)
	at cn.edu.nju.software.pass.LoopInvariantCodeMotionPass.doPass(LoopInvariantCodeMotionPass.java:77)
	at cn.edu.nju.software.pass.LoopInvariantCodeMotionPass.doPass(LoopInvariantCodeMotionPass.java:77)
	at cn.edu.nju.software.pass.LoopInvariantCodeMotionPass.doPass(LoopInvariantCodeMotionPass.java:77)
	at cn.edu.nju.software.pass.LoopInvariantCodeMotionPass.doPass(LoopInvariantCodeMotionPass.java:77)
	at cn.edu.nju.software.pass.LoopInvariantCodeMotionPass.doPass(LoopInvariantCodeMotionPass.java:77)
	at cn.edu.nju.software.pass.LoopInvariantCodeMotionPass.doPass(LoopInvariantCodeMotionPass.java:77)
	at cn.edu.nju.software.pass.LoopInvariantCodeMotionPass.doPass(LoopInvariantCodeMotionPass.java:77)
	at cn.edu.nju.software.pass.LoopInvariantCodeMotionPass.doPass(LoopInvariantCodeMotionPass.java:77)
	at cn.edu.nju.software.pass.LoopInvariantCodeMotionPass.doPass(LoopInvariantCodeMotionPass.java:77)
	at cn.edu.nju.software.pass.LoopInvariantCodeMotionPass.doPass(LoopInvariantCodeMotionPass.java:77)
	at cn.edu.nju.software.pass.LoopInvariantCodeMotionPass.doPass(LoopInvariantCodeMotionPass.java:77)
	at cn.edu.nju.software.pass.LoopInvariantCodeMotionPass.doPass(LoopInvariantCodeMotionPass.java:77)
	at cn.edu.nju.software.pass.LoopInvariantCodeMotionPass.doPass(LoopInvariantCodeMotionPass.java:77)
	at cn.edu.nju.software.pass.LoopInvariantCodeMotionPass.doPass(LoopInvariantCodeMotionPass.java:77)
	at cn.edu.nju.software.pass.LoopInvariantCodeMotionPass.doPass(LoopInvariantCodeMotionPass.java:77)
	at cn.edu.nju.software.pass.LoopInvariantCodeMotionPass.doPass(LoopInvariantCodeMotionPass.java:77)
	at cn.edu.nju.software.pass.LoopInvariantCodeMotionPass.doPass(LoopInvariantCodeMotionPass.java:77)
	at cn.edu.nju.software.pass.LoopInvariantCodeMotionPass.doPass(LoopInvariantCodeMotionPass.java:77)
	at cn.edu.nju.software.pass.LoopInvariantCodeMotionPass.doPass(LoopInvariantCodeMotionPass.java:77)
	at cn.edu.nju.software.pass.LoopInvariantCodeMotionPass.doPass(LoopInvariantCodeMotionPass.java:77)
	at cn.edu.nju.software.pass.LoopInvariantCodeMotionPass.doPass(LoopInvariantCodeMotionPass.java:77)
	at cn.edu.nju.software.pass.LoopInvariantCodeMotionPass.doPass(LoopInvariantCodeMotionPass.java:77)
	at cn.edu.nju.software.pass.LoopInvariantCodeMotionPass.doPass(LoopInvariantCodeMotionPass.java:77)
	at cn.edu.nju.software.pass.LoopInvariantCodeMotionPass.doPass(LoopInvariantCodeMotionPass.java:77)
	at cn.edu.nju.software.pass.LoopInvariantCodeMotionPass.doPass(LoopInvariantCodeMotionPass.java:77)
	at cn.edu.nju.software.pass.LoopInvariantCodeMotionPass.doPass(LoopInvariantCodeMotionPass.java:77)
	at cn.edu.nju.software.pass.LoopInvariantCodeMotionPass.doPass(LoopInvariantCodeMotionPass.java:77)
	at cn.edu.nju.software.pass.LoopInvariantCodeMotionPass.doPass(LoopInvariantCodeMotionPass.java:77)
	at cn.edu.nju.software.pass.LoopInvariantCodeMotionPass.doPass(LoopInvariantCodeMotionPass.java:77)
	at cn.edu.nju.software.pass.LoopInvariantCodeMotionPass.doPass(LoopInvariantCodeMotionPass.java:77)
	at cn.edu.nju.software.pass.LoopInvariantCodeMotionPass.doPass(LoopInvariantCodeMotionPass.java:77)
	at cn.edu.nju.software.pass.LoopInvariantCodeMotionPass.doPass(LoopInvariantCodeMotionPass.java:77)
	at cn.edu.nju.software.pass.LoopInvariantCodeMotionPass.doPass(LoopInvariantCodeMotionPass.java:77)
	at cn.edu.nju.software.pass.LoopInvariantCodeMotionPass.doPass(LoopInvariantCodeMotionPass.java:77)
	at cn.edu.nju.software.pass.LoopInvariantCodeMotionPass.doPass(LoopInvariantCodeMotionPass.java:77)
	at cn.edu.nju.software.pass.LoopInvariantCodeMotionPass.doPass(LoopInvariantCodeMotionPass.java:77)
	at cn.edu.nju.software.pass.LoopInvariantCodeMotionPass.doPass(LoopInvariantCodeMotionPass.java:77)
	at cn.edu.nju.software.pass.LoopInvariantCodeMotionPass.doPass(LoopInvariantCodeMotionPass.java:77)
	at cn.edu.nju.software.pass.LoopInvariantCodeMotionPass.doPass(LoopInvariantCodeMotionPass.java:77)
	at cn.edu.nju.software.pass.LoopInvariantCodeMotionPass.doPass(LoopInvariantCodeMotionPass.java:77)
	at cn.edu.nju.software.pass.LoopInvariantCodeMotionPass.doPass(LoopInvariantCodeMotionPass.java:77)
	at cn.edu.nju.software.pass.LoopInvariantCodeMotionPass.doPass(LoopInvariantCodeMotionPass.java:77)
	at cn.edu.nju.software.pass.LoopInvariantCodeMotionPass.doPass(LoopInvariantCodeMotionPass.java:77)
	at cn.edu.nju.software.pass.LoopInvariantCodeMotionPass.doPass(LoopInvariantCodeMotionPass.java:77)
	at cn.edu.nju.software.pass.LoopInvariantCodeMotionPass.doPass(LoopInvariantCodeMotionPass.java:77)
	at cn.edu.nju.software.pass.LoopInvariantCodeMotionPass.doPass(LoopInvariantCodeMotionPass.java:77)
	at cn.edu.nju.software.pass.LoopInvariantCodeMotionPass.doPass(LoopInvariantCodeMotionPass.java:77)
	at cn.edu.nju.software.pass.LoopInvariantCodeMotionPass.doPass(LoopInvariantCodeMotionPass.java:77)
	at cn.edu.nju.software.pass.LoopInvariantCodeMotionPass.doPass(LoopInvariantCodeMotionPass.java:77)
	at cn.edu.nju.software.pass.LoopInvariantCodeMotionPass.doPass(LoopInvariantCodeMotionPass.java:77)
	at cn.edu.nju.software.pass.LoopInvariantCodeMotionPass.doPass(LoopInvariantCodeMotionPass.java:77)
	at cn.edu.nju.software.pass.LoopInvariantCodeMotionPass.doPass(LoopInvariantCodeMotionPass.java:77)
	at cn.edu.nju.software.pass.LoopInvariantCodeMotionPass.doPass(LoopInvariantCodeMotionPass.java:77)
	at cn.edu.nju.software.pass.LoopInvariantCodeMotionPass.doPass(LoopInvariantCodeMotionPass.java:77)
	at cn.edu.nju.software.pass.LoopInvariantCodeMotionPass.doPass(LoopInvariantCodeMotionPass.java:77)
	at cn.edu.nju.software.pass.LoopInvariantCodeMotionPass.doPass(LoopInvariantCodeMotionPass.java:77)
	at cn.edu.nju.software.pass.LoopInvariantCodeMotionPass.doPass(LoopInvariantCodeMotionPass.java:77)
	at cn.edu.nju.software.pass.LoopInvariantCodeMotionPass.doPass(LoopInvariantCodeMotionPass.java:77)
	at cn.edu.nju.software.pass.LoopInvariantCodeMotionPass.doPass(LoopInvariantCodeMotionPass.java:77)
	at cn.edu.nju.software.pass.LoopInvariantCodeMotionPass.doPass(LoopInvariantCodeMotionPass.java:77)
	at cn.edu.nju.software.pass.LoopInvariantCodeMotionPass.doPass(LoopInvariantCodeMotionPass.java:77)
	at cn.edu.nju.software.pass.LoopInvariantCodeMotionPass.doPass(LoopInvariantCodeMotionPass.java:77)
	at cn.edu.nju.software.pass.LoopInvariantCodeMotionPass.doPass(LoopInvariantCodeMotionPass.java:77)
	at cn.edu.nju.software.pass.LoopInvariantCodeMotionPass.doPass(LoopInvariantCodeMotionPass.java:77)
	at cn.edu.nju.software.pass.LoopInvariantCodeMotionPass.doPass(LoopInvariantCodeMotionPass.java:77)
	at cn.edu.nju.software.pass.LoopInvariantCodeMotionPass.doPass(LoopInvariantCodeMotionPass.java:77)
	at cn.edu.nju.software.pass.LoopInvariantCodeMotionPass.doPass(LoopInvariantCodeMotionPass.java:77)
	at cn.edu.nju.software.pass.LoopInvariantCodeMotionPass.doPass(LoopInvariantCodeMotionPass.java:77)
	at cn.edu.nju.software.pass.LoopInvariantCodeMotionPass.doPass(LoopInvariantCodeMotionPass.java:77)
	at cn.edu.nju.software.pass.LoopInvariantCodeMotionPass.doPass(LoopInvariantCodeMotionPass.java:77)
	at cn.edu.nju.software.pass.LoopInvariantCodeMotionPass.doPass(LoopInvariantCodeMotionPass.java:77)
	at cn.edu.nju.software.pass.LoopInvariantCodeMotionPass.doPass(LoopInvariantCodeMotionPass.java:77)
	at cn.edu.nju.software.pass.LoopInvariantCodeMotionPass.doPass(LoopInvariantCodeMotionPass.java:77)
	at cn.edu.nju.software.pass.LoopInvariantCodeMotionPass.doPass(LoopInvariantCodeMotionPass.java:77)
	at cn.edu.nju.software.pass.LoopInvariantCodeMotionPass.doPass(LoopInvariantCodeMotionPass.java:77)
	at cn.edu.nju.software.pass.LoopInvariantCodeMotionPass.doPass(LoopInvariantCodeMotionPass.java:77)
	at cn.edu.nju.software.pass.LoopInvariantCodeMotionPass.doPass(LoopInvariantCodeMotionPass.java:77)
	at cn.edu.nju.software.pass.LoopInvariantCodeMotionPass.doPass(LoopInvariantCodeMotionPass.java:77)
	at cn.edu.nju.software.pass.LoopInvariantCodeMotionPass.doPass(LoopInvariantCodeMotionPass.java:77)
	at cn.edu.nju.software.pass.LoopInvariantCodeMotionPass.doPass(LoopInvariantCodeMotionPass.java:77)
	at cn.edu.nju.software.pass.LoopInvariantCodeMotionPass.doPass(LoopInvariantCodeMotionPass.java:77)
	at cn.edu.nju.software.pass.LoopInvariantCodeMotionPass.doPass(LoopInvariantCodeMotionPass.java:77)
	at cn.edu.nju.software.pass.LoopInvariantCodeMotionPass.doPass(LoopInvariantCodeMotionPass.java:77)
	at cn.edu.nju.software.pass.LoopInvariantCodeMotionPass.doPass(LoopInvariantCodeMotionPass.java:77)
	at cn.edu.nju.software.pass.LoopInvariantCodeMotionPass.doPass(LoopInvariantCodeMotionPass.java:77)
	at cn.edu.nju.software.pass.LoopInvariantCodeMotionPass.doPass(LoopInvariantCodeMotionPass.java:77)
	at cn.edu.nju.software.pass.LoopInvariantCodeMotionPass.doPass(LoopInvariantCodeMotionPass.java:77)
	at cn.edu.nju.software.pass.LoopInvariantCodeMotionPass.doPass(LoopInvariantCodeMotionPass.java:77)
	at cn.edu.nju.software.pass.LoopInvariantCodeMotionPass.doPass(LoopInvariantCodeMotionPass.java:77)
	at cn.edu.nju.software.pass.LoopInvariantCodeMotionPass.doPass(LoopInvariantCodeMotionPass.java:77)
	at cn.edu.nju.software.pass.LoopInvariantCodeMotionPass.doPass(LoopInvariantCodeMotionPass.java:77)
	at cn.edu.nju.software.pass.LoopInvariantCodeMotionPass.doPass(LoopInvariantCodeMotionPass.java:77)
	at cn.edu.nju.software.pass.LoopInvariantCodeMotionPass.doPass(LoopInvariantCodeMotionPass.java:77)
	at cn.edu.nju.software.pass.LoopInvariantCodeMotionPass.doPass(LoopInvariantCodeMotionPass.java:77)
	at cn.edu.nju.software.pass.LoopInvariantCodeMotionPass.doPass(LoopInvariantCodeMotionPass.java:77)
	at cn.edu.nju.software.pass.LoopInvariantCodeMotionPass.doPass(LoopInvariantCodeMotionPass.java:77)
	at cn.edu.nju.software.pass.LoopInvariantCodeMotionPass.doPass(LoopInvariantCodeMotionPass.java:77)
	at cn.edu.nju.software.pass.LoopInvariantCodeMotionPass.doPass(LoopInvariantCodeMotionPass.java:77)
	at cn.edu.nju.software.pass.LoopInvariantCodeMotionPass.doPass(LoopInvariantCodeMotionPass.java:77)
	at cn.edu.nju.software.pass.LoopInvariantCodeMotionPass.doPass(LoopInvariantCodeMotionPass.java:77)
	at cn.edu.nju.software.pass.LoopInvariantCodeMotionPass.doPass(LoopInvariantCodeMotionPass.java:77)
	at cn.edu.nju.software.pass.LoopInvariantCodeMotionPass.doPass(LoopInvariantCodeMotionPass.java:77)
	at cn.edu.nju.software.pass.LoopInvariantCodeMotionPass.doPass(LoopInvariantCodeMotionPass.java:77)
	at cn.edu.nju.software.pass.LoopInvariantCodeMotionPass.doPass(LoopInvariantCodeMotionPass.java:77)
	at cn.edu.nju.software.pass.LoopInvariantCodeMotionPass.doPass(LoopInvariantCodeMotionPass.java:77)
	at cn.edu.nju.software.pass.LoopInvariantCodeMotionPass.doPass(LoopInvariantCodeMotionPass.java:77)
	at cn.edu.nju.software.pass.LoopInvariantCodeMotionPass.doPass(LoopInvariantCodeMotionPass.java:77)
	at cn.edu.nju.software.pass.LoopInvariantCodeMotionPass.doPass(LoopInvariantCodeMotionPass.java:77)
	at cn.edu.nju.software.pass.LoopInvariantCodeMotionPass.doPass(LoopInvariantCodeMotionPass.java:77)
	at cn.edu.nju.software.pass.LoopInvariantCodeMotionPass.doPass(LoopInvariantCodeMotionPass.java:77)
	at cn.edu.nju.software.pass.LoopInvariantCodeMotionPass.doPass(LoopInvariantCodeMotionPass.java:77)
	at cn.edu.nju.software.pass.LoopInvariantCodeMotionPass.doPass(LoopInvariantCodeMotionPass.java:77)
	at cn.edu.nju.software.pass.LoopInvariantCodeMotionPass.doPass(LoopInvariantCodeMotionPass.java:77)
	at cn.edu.nju.software.pass.LoopInvariantCodeMotionPass.doPass(LoopInvariantCodeMotionPass.java:77)
	at cn.edu.nju.software.pass.LoopInvariantCodeMotionPass.doPass(LoopInvariantCodeMotionPass.java:77)
	at cn.edu.nju.software.pass.LoopInvariantCodeMotionPass.doPass(LoopInvariantCodeMotionPass.java:77)
	at cn.edu.nju.software.pass.LoopInvariantCodeMotionPass.doPass(LoopInvariantCodeMotionPass.java:77)
	at cn.edu.nju.software.pass.LoopInvariantCodeMotionPass.doPass(LoopInvariantCodeMotionPass.java:77)
	at cn.edu.nju.software.pass.LoopInvariantCodeMotionPass.doPass(LoopInvariantCodeMotionPass.java:77)
	at cn.edu.nju.software.pass.LoopInvariantCodeMotionPass.doPass(LoopInvariantCodeMotionPass.java:77)
	at cn.edu.nju.software.pass.LoopInvariantCodeMotionPass.doPass(LoopInvariantCodeMotionPass.java:77)
	at cn.edu.nju.software.pass.LoopInvariantCodeMotionPass.doPass(LoopInvariantCodeMotionPass.java:77)
	at cn.edu.nju.software.pass.LoopInvariantCodeMotionPass.doPass(LoopInvariantCodeMotionPass.java:77)
	at cn.edu.nju.software.pass.LoopInvariantCodeMotionPass.doPass(LoopInvariantCodeMotionPass.java:77)
	at cn.edu.nju.software.pass.LoopInvariantCodeMotionPass.doPass(LoopInvariantCodeMotionPass.java:77)
	at cn.edu.nju.software.pass.LoopInvariantCodeMotionPass.doPass(LoopInvariantCodeMotionPass.java:77)
	at cn.edu.nju.software.pass.LoopInvariantCodeMotionPass.doPass(LoopInvariantCodeMotionPass.java:77)
	at cn.edu.nju.software.pass.LoopInvariantCodeMotionPass.doPass(LoopInvariantCodeMotionPass.java:77)
	at cn.edu.nju.software.pass.LoopInvariantCodeMotionPass.doPass(LoopInvariantCodeMotionPass.java:77)
	at cn.edu.nju.software.pass.LoopInvariantCodeMotionPass.doPass(LoopInvariantCodeMotionPass.java:77)
	at cn.edu.nju.software.pass.LoopInvariantCodeMotionPass.doPass(LoopInvariantCodeMotionPass.java:77)
	at cn.edu.nju.software.pass.LoopInvariantCodeMotionPass.doPass(LoopInvariantCodeMotionPass.java:77)
	at cn.edu.nju.software.pass.LoopInvariantCodeMotionPass.doPass(LoopInvariantCodeMotionPass.java:77)
	at cn.edu.nju.software.pass.LoopInvariantCodeMotionPass.doPass(LoopInvariantCodeMotionPass.java:77)
	at cn.edu.nju.software.pass.LoopInvariantCodeMotionPass.doPass(LoopInvariantCodeMotionPass.java:77)
	at cn.edu.nju.software.pass.LoopInvariantCodeMotionPass.doPass(LoopInvariantCodeMotionPass.java:77)
	at cn.edu.nju.software.pass.LoopInvariantCodeMotionPass.doPass(LoopInvariantCodeMotionPass.java:77)
	at cn.edu.nju.software.pass.LoopInvariantCodeMotionPass.doPass(LoopInvariantCodeMotionPass.java:77)
	at cn.edu.nju.software.pass.LoopInvariantCodeMotionPass.doPass(LoopInvariantCodeMotionPass.java:77)
	at cn.edu.nju.software.pass.LoopInvariantCodeMotionPass.doPass(LoopInvariantCodeMotionPass.java:77)
	at cn.edu.nju.software.pass.LoopInvariantCodeMotionPass.doPass(LoopInvariantCodeMotionPass.java:77)
	at cn.edu.nju.software.pass.LoopInvariantCodeMotionPass.doPass(LoopInvariantCodeMotionPass.java:77)
	at cn.edu.nju.software.pass.LoopInvariantCodeMotionPass.doPass(LoopInvariantCodeMotionPass.java:77)
	at cn.edu.nju.software.pass.LoopInvariantCodeMotionPass.doPass(LoopInvariantCodeMotionPass.java:77)
	at cn.edu.nju.software.pass.LoopInvariantCodeMotionPass.doPass(LoopInvariantCodeMotionPass.java:77)
	at cn.edu.nju.software.pass.LoopInvariantCodeMotionPass.doPass(LoopInvariantCodeMotionPass.java:77)
	at cn.edu.nju.software.pass.LoopInvariantCodeMotionPass.doPass(LoopInvariantCodeMotionPass.java:77)
	at cn.edu.nju.software.pass.LoopInvariantCodeMotionPass.doPass(LoopInvariantCodeMotionPass.java:77)
	at cn.edu.nju.software.pass.LoopInvariantCodeMotionPass.doPass(LoopInvariantCodeMotionPass.java:77)
	at cn.edu.nju.software.pass.LoopInvariantCodeMotionPass.doPass(LoopInvariantCodeMotionPass.java:77)
	at cn.edu.nju.software.pass.LoopInvariantCodeMotionPass.doPass(LoopInvariantCodeMotionPass.java:77)
	at cn.edu.nju.software.pass.LoopInvariantCodeMotionPass.doPass(LoopInvariantCodeMotionPass.java:77)
	at cn.edu.nju.software.pass.LoopInvariantCodeMotionPass.doPass(LoopInvariantCodeMotionPass.java:77)
	at cn.edu.nju.software.pass.LoopInvariantCodeMotionPass.doPass(LoopInvariantCodeMotionPass.java:77)
	at cn.edu.nju.software.pass.LoopInvariantCodeMotionPass.doPass(LoopInvariantCodeMotionPass.java:77)
	at cn.edu.nju.software.pass.LoopInvariantCodeMotionPass.doPass(LoopInvariantCodeMotionPass.java:77)
	at cn.edu.nju.software.pass.LoopInvariantCodeMotionPass.doPass(LoopInvariantCodeMotionPass.java:77)
	at cn.edu.nju.software.pass.LoopInvariantCodeMotionPass.doPass(LoopInvariantCodeMotionPass.java:77)
	at cn.edu.nju.software.pass.LoopInvariantCodeMotionPass.doPass(LoopInvariantCodeMotionPass.java:77)
	at cn.edu.nju.software.pass.LoopInvariantCodeMotionPass.doPass(LoopInvariantCodeMotionPass.java:77)
	at cn.edu.nju.software.pass.LoopInvariantCodeMotionPass.doPass(LoopInvariantCodeMotionPass.java:77)
	at cn.edu.nju.software.pass.LoopInvariantCodeMotionPass.doPass(LoopInvariantCodeMotionPass.java:77)
	at cn.edu.nju.software.pass.LoopInvariantCodeMotionPass.doPass(LoopInvariantCodeMotionPass.java:77)
	at cn.edu.nju.software.pass.LoopInvariantCodeMotionPass.doPass(LoopInvariantCodeMotionPass.java:77)
	at cn.edu.nju.software.pass.LoopInvariantCodeMotionPass.doPass(LoopInvariantCodeMotionPass.java:77)
	at cn.edu.nju.software.pass.LoopInvariantCodeMotionPass.doPass(LoopInvariantCodeMotionPass.java:77)
	at cn.edu.nju.software.pass.LoopInvariantCodeMotionPass.doPass(LoopInvariantCodeMotionPass.java:77)
	at cn.edu.nju.software.pass.LoopInvariantCodeMotionPass.doPass(LoopInvariantCodeMotionPass.java:77)
	at cn.edu.nju.software.pass.LoopInvariantCodeMotionPass.doPass(LoopInvariantCodeMotionPass.java:77)
	at cn.edu.nju.software.pass.LoopInvariantCodeMotionPass.doPass(LoopInvariantCodeMotionPass.java:77)
	at cn.edu.nju.software.pass.LoopInvariantCodeMotionPass.doPass(LoopInvariantCodeMotionPass.java:77)
	at cn.edu.nju.software.pass.LoopInvariantCodeMotionPass.doPass(LoopInvariantCodeMotionPass.java:77)
	at cn.edu.nju.software.pass.LoopInvariantCodeMotionPass.doPass(LoopInvariantCodeMotionPass.java:77)
	at cn.edu.nju.software.pass.LoopInvariantCodeMotionPass.doPass(LoopInvariantCodeMotionPass.java:77)
	at cn.edu.nju.software.pass.LoopInvariantCodeMotionPass.doPass(LoopInvariantCodeMotionPass.java:77)
	at cn.edu.nju.software.pass.LoopInvariantCodeMotionPass.doPass(LoopInvariantCodeMotionPass.java:77)
	at cn.edu.nju.software.pass.LoopInvariantCodeMotionPass.doPass(LoopInvariantCodeMotionPass.java:77)
	at cn.edu.nju.software.pass.LoopInvariantCodeMotionPass.doPass(LoopInvariantCodeMotionPass.java:77)
	at cn.edu.nju.software.pass.LoopInvariantCodeMotionPass.doPass(LoopInvariantCodeMotionPass.java:77)
	at cn.edu.nju.software.pass.LoopInvariantCodeMotionPass.doPass(LoopInvariantCodeMotionPass.java:77)
	at cn.edu.nju.software.pass.LoopInvariantCodeMotionPass.doPass(LoopInvariantCodeMotionPass.java:77)
	at cn.edu.nju.software.pass.LoopInvariantCodeMotionPass.doPass(LoopInvariantCodeMotionPass.java:77)
	at cn.edu.nju.software.pass.LoopInvariantCodeMotionPass.doPass(LoopInvariantCodeMotionPass.java:77)
	at cn.edu.nju.software.pass.LoopInvariantCodeMotionPass.doPass(LoopInvariantCodeMotionPass.java:77)
	at cn.edu.nju.software.pass.LoopInvariantCodeMotionPass.doPass(LoopInvariantCodeMotionPass.java:77)
	at cn.edu.nju.software.pass.LoopInvariantCodeMotionPass.doPass(LoopInvariantCodeMotionPass.java:77)
	at cn.edu.nju.software.pass.LoopInvariantCodeMotionPass.doPass(LoopInvariantCodeMotionPass.java:77)
	at cn.edu.nju.software.pass.LoopInvariantCodeMotionPass.doPass(LoopInvariantCodeMotionPass.java:77)
	at cn.edu.nju.software.pass.LoopInvariantCodeMotionPass.doPass(LoopInvariantCodeMotionPass.java:77)
	at cn.edu.nju.software.pass.LoopInvariantCodeMotionPass.doPass(LoopInvariantCodeMotionPass.java:77)
	at cn.edu.nju.software.pass.LoopInvariantCodeMotionPass.doPass(LoopInvariantCodeMotionPass.java:77)
	at cn.edu.nju.software.pass.LoopInvariantCodeMotionPass.doPass(LoopInvariantCodeMotionPass.java:77)
	at cn.edu.nju.software.pass.LoopInvariantCodeMotionPass.doPass(LoopInvariantCodeMotionPass.java:77)
	at cn.edu.nju.software.pass.LoopInvariantCodeMotionPass.doPass(LoopInvariantCodeMotionPass.java:77)
	at cn.edu.nju.software.pass.LoopInvariantCodeMotionPass.doPass(LoopInvariantCodeMotionPass.java:77)
	at cn.edu.nju.software.pass.LoopInvariantCodeMotionPass.doPass(LoopInvariantCodeMotionPass.java:77)
	at cn.edu.nju.software.pass.LoopInvariantCodeMotionPass.doPass(LoopInvariantCodeMotionPass.java:77)
	at cn.edu.nju.software.pass.LoopInvariantCodeMotionPass.doPass(LoopInvariantCodeMotionPass.java:77)
	at cn.edu.nju.software.pass.LoopInvariantCodeMotionPass.doPass(LoopInvariantCodeMotionPass.java:77)
	at cn.edu.nju.software.pass.LoopInvariantCodeMotionPass.doPass(LoopInvariantCodeMotionPass.java:77)
	at cn.edu.nju.software.pass.LoopInvariantCodeMotionPass.doPass(LoopInvariantCodeMotionPass.java:77)
	at cn.edu.nju.software.pass.LoopInvariantCodeMotionPass.doPass(LoopInvariantCodeMotionPass.java:77)
	at cn.edu.nju.software.pass.LoopInvariantCodeMotionPass.doPass(LoopInvariantCodeMotionPass.java:77)
	at cn.edu.nju.software.pass.LoopInvariantCodeMotionPass.doPass(LoopInvariantCodeMotionPass.java:77)
	at cn.edu.nju.software.pass.LoopInvariantCodeMotionPass.doPass(LoopInvariantCodeMotionPass.java:77)
	at cn.edu.nju.software.pass.LoopInvariantCodeMotionPass.doPass(LoopInvariantCodeMotionPass.java:77)
	at cn.edu.nju.software.pass.LoopInvariantCodeMotionPass.doPass(LoopInvariantCodeMotionPass.java:77)
	at cn.edu.nju.software.pass.LoopInvariantCodeMotionPass.doPass(LoopInvariantCodeMotionPass.java:77)
	at cn.edu.nju.software.pass.LoopInvariantCodeMotionPass.doPass(LoopInvariantCodeMotionPass.java:77)
	at cn.edu.nju.software.pass.LoopInvariantCodeMotionPass.doPass(LoopInvariantCodeMotionPass.java:77)
	at cn.edu.nju.software.pass.LoopInvariantCodeMotionPass.doPass(LoopInvariantCodeMotionPass.java:77)
	at cn.edu.nju.software.pass.LoopInvariantCodeMotionPass.doPass(LoopInvariantCodeMotionPass.java:77)
	at cn.edu.nju.software.pass.LoopInvariantCodeMotionPass.doPass(LoopInvariantCodeMotionPass.java:77)
	at cn.edu.nju.software.pass.LoopInvariantCodeMotionPass.doPass(LoopInvariantCodeMotionPass.java:77)
	at cn.edu.nju.software.pass.LoopInvariantCodeMotionPass.doPass(LoopInvariantCodeMotionPass.java:77)
	at cn.edu.nju.software.pass.LoopInvariantCodeMotionPass.doPass(LoopInvariantCodeMotionPass.java:77)
	at cn.edu.nju.software.pass.LoopInvariantCodeMotionPass.doPass(LoopInvariantCodeMotionPass.java:77)
	at cn.edu.nju.software.pass.LoopInvariantCodeMotionPass.doPass(LoopInvariantCodeMotionPass.java:77)
	at cn.edu.nju.software.pass.LoopInvariantCodeMotionPass.doPass(LoopInvariantCodeMotionPass.java:77)
	at cn.edu.nju.software.pass.LoopInvariantCodeMotionPass.doPass(LoopInvariantCodeMotionPass.java:77)
	at cn.edu.nju.software.pass.LoopInvariantCodeMotionPass.doPass(LoopInvariantCodeMotionPass.java:77)
	at cn.edu.nju.software.pass.LoopInvariantCodeMotionPass.doPass(LoopInvariantCodeMotionPass.java:77)
	at cn.edu.nju.software.pass.LoopInvariantCodeMotionPass.doPass(LoopInvariantCodeMotionPass.java:77)
	at cn.edu.nju.software.pass.LoopInvariantCodeMotionPass.doPass(LoopInvariantCodeMotionPass.java:77)
	at cn.edu.nju.software.pass.LoopInvariantCodeMotionPass.doPass(LoopInvariantCodeMotionPass.java:77)
	at cn.edu.nju.software.pass.LoopInvariantCodeMotionPass.doPass(LoopInvariantCodeMotionPass.java:77)
	at cn.edu.nju.software.pass.LoopInvariantCodeMotionPass.doPass(LoopInvariantCodeMotionPass.java:77)
	at cn.edu.nju.software.pass.LoopInvariantCodeMotionPass.doPass(LoopInvariantCodeMotionPass.java:77)
	at cn.edu.nju.software.pass.LoopInvariantCodeMotionPass.doPass(LoopInvariantCodeMotionPass.java:77)
	at cn.edu.nju.software.pass.LoopInvariantCodeMotionPass.doPass(LoopInvariantCodeMotionPass.java:77)
	at cn.edu.nju.software.pass.LoopInvariantCodeMotionPass.doPass(LoopInvariantCodeMotionPass.java:77)
	at cn.edu.nju.software.pass.LoopInvariantCodeMotionPass.doPass(LoopInvariantCodeMotionPass.java:77)
	at cn.edu.nju.software.pass.LoopInvariantCodeMotionPass.doPass(LoopInvariantCodeMotionPass.java:77)
	at cn.edu.nju.software.pass.LoopInvariantCodeMotionPass.doPass(LoopInvariantCodeMotionPass.java:77)
	at cn.edu.nju.software.pass.LoopInvariantCodeMotionPass.doPass(LoopInvariantCodeMotionPass.java:77)
	at cn.edu.nju.software.pass.LoopInvariantCodeMotionPass.doPass(LoopInvariantCodeMotionPass.java:77)
	at cn.edu.nju.software.pass.LoopInvariantCodeMotionPass.doPass(LoopInvariantCodeMotionPass.java:77)
	at cn.edu.nju.software.pass.LoopInvariantCodeMotionPass.doPass(LoopInvariantCodeMotionPass.java:77)
	at cn.edu.nju.software.pass.LoopInvariantCodeMotionPass.doPass(LoopInvariantCodeMotionPass.java:77)
	at cn.edu.nju.software.pass.LoopInvariantCodeMotionPass.doPass(LoopInvariantCodeMotionPass.java:77)
	at cn.edu.nju.software.pass.LoopInvariantCodeMotionPass.doPass(LoopInvariantCodeMotionPass.java:77)
	at cn.edu.nju.software.pass.LoopInvariantCodeMotionPass.doPass(LoopInvariantCodeMotionPass.java:77)
	at cn.edu.nju.software.pass.LoopInvariantCodeMotionPass.doPass(LoopInvariantCodeMotionPass.java:77)
	at cn.edu.nju.software.pass.LoopInvariantCodeMotionPass.doPass(LoopInvariantCodeMotionPass.java:77)
	at cn.edu.nju.software.pass.LoopInvariantCodeMotionPass.doPass(LoopInvariantCodeMotionPass.java:77)
	at cn.edu.nju.software.pass.LoopInvariantCodeMotionPass.doPass(LoopInvariantCodeMotionPass.java:77)
	at cn.edu.nju.software.pass.LoopInvariantCodeMotionPass.doPass(LoopInvariantCodeMotionPass.java:77)
	at cn.edu.nju.software.pass.LoopInvariantCodeMotionPass.doPass(LoopInvariantCodeMotionPass.java:77)
	at cn.edu.nju.software.pass.LoopInvariantCodeMotionPass.doPass(LoopInvariantCodeMotionPass.java:77)
	at cn.edu.nju.software.pass.LoopInvariantCodeMotionPass.doPass(LoopInvariantCodeMotionPass.java:77)
	at cn.edu.nju.software.pass.LoopInvariantCodeMotionPass.doPass(LoopInvariantCodeMotionPass.java:77)
	at cn.edu.nju.software.pass.LoopInvariantCodeMotionPass.doPass(LoopInvariantCodeMotionPass.java:77)
	at cn.edu.nju.software.pass.LoopInvariantCodeMotionPass.doPass(LoopInvariantCodeMotionPass.java:77)
	at cn.edu.nju.software.pass.LoopInvariantCodeMotionPass.doPass(LoopInvariantCodeMotionPass.java:77)
	at cn.edu.nju.software.pass.LoopInvariantCodeMotionPass.doPass(LoopInvariantCodeMotionPass.java:77)
	at cn.edu.nju.software.pass.LoopInvariantCodeMotionPass.doPass(LoopInvariantCodeMotionPass.java:77)
	at cn.edu.nju.software.pass.LoopInvariantCodeMotionPass.doPass(LoopInvariantCodeMotionPass.java:77)
	at cn.edu.nju.software.pass.LoopInvariantCodeMotionPass.doPass(LoopInvariantCodeMotionPass.java:77)
	at cn.edu.nju.software.pass.LoopInvariantCodeMotionPass.doPass(LoopInvariantCodeMotionPass.java:77)
	at cn.edu.nju.software.pass.LoopInvariantCodeMotionPass.doPass(LoopInvariantCodeMotionPass.java:77)
	at cn.edu.nju.software.pass.LoopInvariantCodeMotionPass.doPass(LoopInvariantCodeMotionPass.java:77)
	at cn.edu.nju.software.pass.LoopInvariantCodeMotionPass.doPass(LoopInvariantCodeMotionPass.java:77)
	at cn.edu.nju.software.pass.LoopInvariantCodeMotionPass.doPass(LoopInvariantCodeMotionPass.java:77)
	at cn.edu.nju.software.pass.LoopInvariantCodeMotionPass.doPass(LoopInvariantCodeMotionPass.java:77)
	at cn.edu.nju.software.pass.LoopInvariantCodeMotionPass.doPass(LoopInvariantCodeMotionPass.java:77)
	at cn.edu.nju.software.pass.LoopInvariantCodeMotionPass.doPass(LoopInvariantCodeMotionPass.java:77)
	at cn.edu.nju.software.pass.LoopInvariantCodeMotionPass.doPass(LoopInvariantCodeMotionPass.java:77)
	at cn.edu.nju.software.pass.LoopInvariantCodeMotionPass.doPass(LoopInvariantCodeMotionPass.java:77)
	at cn.edu.nju.software.pass.LoopInvariantCodeMotionPass.doPass(LoopInvariantCodeMotionPass.java:77)
	at cn.edu.nju.software.pass.LoopInvariantCodeMotionPass.doPass(LoopInvariantCodeMotionPass.java:77)
	at cn.edu.nju.software.pass.LoopInvariantCodeMotionPass.doPass(LoopInvariantCodeMotionPass.java:77)
	at cn.edu.nju.software.pass.LoopInvariantCodeMotionPass.doPass(LoopInvariantCodeMotionPass.java:77)
	at cn.edu.nju.software.pass.LoopInvariantCodeMotionPass.doPass(LoopInvariantCodeMotionPass.java:77)
	at cn.edu.nju.software.pass.LoopInvariantCodeMotionPass.doPass(LoopInvariantCodeMotionPass.java:77)
	at cn.edu.nju.software.pass.LoopInvariantCodeMotionPass.doPass(LoopInvariantCodeMotionPass.java:77)
	at cn.edu.nju.software.pass.LoopInvariantCodeMotionPass.doPass(LoopInvariantCodeMotionPass.java:77)
	at cn.edu.nju.software.pass.LoopInvariantCodeMotionPass.doPass(LoopInvariantCodeMotionPass.java:77)
	at cn.edu.nju.software.pass.LoopInvariantCodeMotionPass.doPass(LoopInvariantCodeMotionPass.java:77)
	at cn.edu.nju.software.pass.LoopInvariantCodeMotionPass.doPass(LoopInvariantCodeMotionPass.java:77)
	at cn.edu.nju.software.pass.LoopInvariantCodeMotionPass.doPass(LoopInvariantCodeMotionPass.java:77)
	at cn.edu.nju.software.pass.LoopInvariantCodeMotionPass.doPass(LoopInvariantCodeMotionPass.java:77)
	at cn.edu.nju.software.pass.LoopInvariantCodeMotionPass.doPass(LoopInvariantCodeMotionPass.java:77)
	at cn.edu.nju.software.pass.LoopInvariantCodeMotionPass.doPass(LoopInvariantCodeMotionPass.java:77)
	at cn.edu.nju.software.pass.LoopInvariantCodeMotionPass.doPass(LoopInvariantCodeMotionPass.java:77)
	at cn.edu.nju.software.pass.LoopInvariantCodeMotionPass.doPass(LoopInvariantCodeMotionPass.java:77)
	at cn.edu.nju.software.pass.LoopInvariantCodeMotionPass.doPass(LoopInvariantCodeMotionPass.java:77)
	at cn.edu.nju.software.pass.LoopInvariantCodeMotionPass.doPass(LoopInvariantCodeMotionPass.java:77)
	at cn.edu.nju.software.pass.LoopInvariantCodeMotionPass.doPass(LoopInvariantCodeMotionPass.java:77)
	at cn.edu.nju.software.pass.LoopInvariantCodeMotionPass.doPass(LoopInvariantCodeMotionPass.java:77)
	at cn.edu.nju.software.pass.LoopInvariantCodeMotionPass.doPass(LoopInvariantCodeMotionPass.java:77)
	at cn.edu.nju.software.pass.LoopInvariantCodeMotionPass.doPass(LoopInvariantCodeMotionPass.java:77)
	at cn.edu.nju.software.pass.LoopInvariantCodeMotionPass.doPass(LoopInvariantCodeMotionPass.java:77)
	at cn.edu.nju.software.pass.LoopInvariantCodeMotionPass.doPass(LoopInvariantCodeMotionPass.java:77)
	at cn.edu.nju.software.pass.LoopInvariantCodeMotionPass.doPass(LoopInvariantCodeMotionPass.java:77)
	at cn.edu.nju.software.pass.LoopInvariantCodeMotionPass.doPass(LoopInvariantCodeMotionPass.java:77)
	at cn.edu.nju.software.pass.LoopInvariantCodeMotionPass.doPass(LoopInvariantCodeMotionPass.java:77)
	at cn.edu.nju.software.pass.LoopInvariantCodeMotionPass.doPass(LoopInvariantCodeMotionPass.java:77)
	at cn.edu.nju.software.pass.LoopInvariantCodeMotionPass.doPass(LoopInvariantCodeMotionPass.java:77)
	at cn.edu.nju.software.pass.LoopInvariantCodeMotionPass.doPass(LoopInvariantCodeMotionPass.java:77)
	at cn.edu.nju.software.pass.LoopInvariantCodeMotionPass.doPass(LoopInvariantCodeMotionPass.java:77)
	at cn.edu.nju.software.pass.LoopInvariantCodeMotionPass.doPass(LoopInvariantCodeMotionPass.java:77)
	at cn.edu.nju.software.pass.LoopInvariantCodeMotionPass.doPass(LoopInvariantCodeMotionPass.java:77)
	at cn.edu.nju.software.pass.LoopInvariantCodeMotionPass.doPass(LoopInvariantCodeMotionPass.java:77)
	at cn.edu.nju.software.pass.LoopInvariantCodeMotionPass.doPass(LoopInvariantCodeMotionPass.java:77)
	at cn.edu.nju.software.pass.LoopInvariantCodeMotionPass.doPass(LoopInvariantCodeMotionPass.java:77)
	at cn.edu.nju.software.pass.LoopInvariantCodeMotionPass.doPass(LoopInvariantCodeMotionPass.java:77)
	at cn.edu.nju.software.pass.LoopInvariantCodeMotionPass.doPass(LoopInvariantCodeMotionPass.java:77)
	at cn.edu.nju.software.pass.LoopInvariantCodeMotionPass.doPass(LoopInvariantCodeMotionPass.java:77)
[...]
	at java.base/java.util.stream.ForEachOps$ForEachOp$OfRef.accept(ForEachOps.java:183)
	at java.base/java.util.stream.ReferencePipeline$3$1.accept(ReferencePipeline.java:197)
	at java.base/java.util.stream.ReferencePipeline$2$1.accept(ReferencePipeline.java:179)
	at java.base/java.util.stream.ReferencePipeline$3$1.accept(ReferencePipeline.java:197)
	at java.base/java.util.stream.ForEachOps$ForEachOp$OfRef.accept(ForEachOps.java:183)
	at java.base/java.util.stream.ReferencePipeline$3$1.accept(ReferencePipeline.java:197)
	at java.base/java.util.stream.ReferencePipeline$3$1.accept(ReferencePipeline.java:197)
	at java.base/java.util.stream.ReferencePipeline$3$1.accept(ReferencePipeline.java:197)
	at java.base/java.util.stream.ForEachOps$ForEachOp$OfRef.accept(ForEachOps.java:183)
	at java.base/java.util.stream.ForEachOps$ForEachOp$OfRef.accept(ForEachOps.java:183)
	at java.base/java.util.stream.ReferencePipeline$3$1.accept(ReferencePipeline.java:197)
	at java.base/java.util.stream.ForEachOps$ForEachOp$OfRef.accept(ForEachOps.java:183)
	at java.base/java.util.stream.ReferencePipeline$3$1.accept(ReferencePipeline.java:197)
	at java.base/java.util.Spliterators$ArraySpliterator.forEachRemaining(Spliterators.java:992)
	at java.base/java.util.stream.AbstractPipeline.copyInto(AbstractPipeline.java:509)
	at java.base/java.util.stream.AbstractPipeline.wrapAndCopyInto(AbstractPipeline.java:499)
	at java.base/java.util.stream.ForEachOps$ForEachOp.evaluateSequential(ForEachOps.java:150)
	at java.base/java.util.stream.ForEachOps$ForEachOp$OfRef.evaluateSequential(ForEachOps.java:173)
	at java.base/java.util.stream.AbstractPipeline.evaluate(AbstractPipeline.java:234)
	at java.base/java.util.stream.ReferencePipeline.forEach(ReferencePipeline.java:596)
	at java.base/java.util.stream.ReferencePipeline$7$1.accept(ReferencePipeline.java:276)
	at java.base/java.util.stream.ReferencePipeline$3$1.accept(ReferencePipeline.java:197)
	at java.base/java.util.stream.ReferencePipeline$3$1.accept(ReferencePipeline.java:197)
	at java.base/java.util.stream.ReferencePipeline$3$1.accept(ReferencePipeline.java:197)
	at java.base/java.util.Spliterators$ArraySpliterator.forEachRemaining(Spliterators.java:992)
	at java.base/java.util.stream.AbstractPipeline.copyInto(AbstractPipeline.java:509)
	at java.base/java.util.stream.AbstractPipeline.wrapAndCopyInto(AbstractPipeline.java:499)
	at java.base/java.util.stream.ForEachOps$ForEachOp.evaluateSequential(ForEachOps.java:150)
	at java.base/java.util.stream.ForEachOps$ForEachOp$OfRef.evaluateSequential(ForEachOps.java:173)
	at java.base/java.util.stream.AbstractPipeline.evaluate(AbstractPipeline.java:234)
	at java.base/java.util.stream.ReferencePipeline.forEach(ReferencePipeline.java:596)
	at java.base/java.util.stream.ReferencePipeline$7$1.accept(ReferencePipeline.java:276)
	at java.base/java.util.ArrayList$ArrayListSpliterator.forEachRemaining(ArrayList.java:1625)
	at java.base/java.util.stream.AbstractPipeline.copyInto(AbstractPipeline.java:509)
	at java.base/java.util.stream.AbstractPipeline.wrapAndCopyInto(AbstractPipeline.java:499)
	at java.base/java.util.stream.ForEachOps$ForEachOp.evaluateSequential(ForEachOps.java:150)
	at java.base/java.util.stream.ForEachOps$ForEachOp$OfRef.evaluateSequential(ForEachOps.java:173)
	at java.base/java.util.stream.AbstractPipeline.evaluate(AbstractPipeline.java:234)
	at java.base/java.util.stream.ReferencePipeline.forEach(ReferencePipeline.java:596)
	at java.base/java.util.stream.ReferencePipeline$7$1.accept(ReferencePipeline.java:276)
	at java.base/java.util.stream.ReferencePipeline$3$1.accept(ReferencePipeline.java:197)
	at java.base/java.util.stream.ReferencePipeline$3$1.accept(ReferencePipeline.java:197)
	at java.base/java.util.stream.ReferencePipeline$3$1.accept(ReferencePipeline.java:197)
	at java.base/java.util.ArrayList$ArrayListSpliterator.forEachRemaining(ArrayList.java:1625)
	at java.base/java.util.stream.AbstractPipeline.copyInto(AbstractPipeline.java:509)
	at java.base/java.util.stream.AbstractPipeline.wrapAndCopyInto(AbstractPipeline.java:499)
	at java.base/java.util.stream.ForEachOps$ForEachOp.evaluateSequential(ForEachOps.java:150)
	at java.base/java.util.stream.ForEachOps$ForEachOp$OfRef.evaluateSequential(ForEachOps.java:173)
	at java.base/java.util.stream.AbstractPipeline.evaluate(AbstractPipeline.java:234)
	at java.base/java.util.stream.ReferencePipeline.forEach(ReferencePipeline.java:596)
	at java.base/java.util.stream.ReferencePipeline$7$1.accept(ReferencePipeline.java:276)
	at java.base/java.util.ArrayList$ArrayListSpliterator.forEachRemaining(ArrayList.java:1625)
	at java.base/java.util.stream.AbstractPipeline.copyInto(AbstractPipeline.java:509)
	at java.base/java.util.stream.AbstractPipeline.wrapAndCopyInto(AbstractPipeline.java:499)
	at java.base/java.util.stream.ForEachOps$ForEachOp.evaluateSequential(ForEachOps.java:150)
	at java.base/java.util.stream.ForEachOps$ForEachOp$OfRef.evaluateSequential(ForEachOps.java:173)
	at java.base/java.util.stream.AbstractPipeline.evaluate(AbstractPipeline.java:234)
	at java.base/java.util.stream.ReferencePipeline.forEach(ReferencePipeline.java:596)
	at java.base/java.util.ArrayList.forEach(ArrayList.java:1511)
	at java.base/java.util.ArrayList.forEach(ArrayList.java:1511)
]]></failure>
    <system-err><![CDATA[5
]]></system-err>
  </testcase>
  <testcase name="testAll(String)[9]" classname="cn.edu.nju.software.naivetest.TestFrontEnd" time="0.169">
    <system-err><![CDATA[0
]]></system-err>
  </testcase>
  <testcase name="testAll(String)[10]" classname="cn.edu.nju.software.naivetest.TestFrontEnd" time="0.427">
    <system-err><![CDATA[0
]]></system-err>
  </testcase>
  <testcase name="testAll(String)[11]" classname="cn.edu.nju.software.naivetest.TestFrontEnd" time="0.308">
    <failure message="expected: &lt;true&gt; but was: &lt;false&gt;" type="org.opentest4j.AssertionFailedError"><![CDATA[org.opentest4j.AssertionFailedError: expected: <true> but was: <false>
	at org.junit.jupiter.api.AssertionFailureBuilder.build(AssertionFailureBuilder.java:151)
	at org.junit.jupiter.api.AssertionFailureBuilder.buildAndThrow(AssertionFailureBuilder.java:132)
	at org.junit.jupiter.api.AssertTrue.failNotTrue(AssertTrue.java:63)
	at org.junit.jupiter.api.AssertTrue.assertTrue(AssertTrue.java:36)
	at org.junit.jupiter.api.AssertTrue.assertTrue(AssertTrue.java:31)
	at org.junit.jupiter.api.Assertions.assertTrue(Assertions.java:183)
	at cn.edu.nju.software.naivetest.TestFrontEnd.testFile(TestFrontEnd.java:73)
	at cn.edu.nju.software.naivetest.TestFrontEnd.testAll(TestFrontEnd.java:62)
	at java.base/java.lang.reflect.Method.invoke(Method.java:568)
	at java.base/java.util.stream.ForEachOps$ForEachOp$OfRef.accept(ForEachOps.java:183)
	at java.base/java.util.stream.ReferencePipeline$3$1.accept(ReferencePipeline.java:197)
	at java.base/java.util.stream.ReferencePipeline$2$1.accept(ReferencePipeline.java:179)
	at java.base/java.util.stream.ReferencePipeline$3$1.accept(ReferencePipeline.java:197)
	at java.base/java.util.stream.ForEachOps$ForEachOp$OfRef.accept(ForEachOps.java:183)
	at java.base/java.util.stream.ReferencePipeline$3$1.accept(ReferencePipeline.java:197)
	at java.base/java.util.stream.ReferencePipeline$3$1.accept(ReferencePipeline.java:197)
	at java.base/java.util.stream.ReferencePipeline$3$1.accept(ReferencePipeline.java:197)
	at java.base/java.util.stream.ForEachOps$ForEachOp$OfRef.accept(ForEachOps.java:183)
	at java.base/java.util.stream.ForEachOps$ForEachOp$OfRef.accept(ForEachOps.java:183)
	at java.base/java.util.stream.ReferencePipeline$3$1.accept(ReferencePipeline.java:197)
	at java.base/java.util.stream.ForEachOps$ForEachOp$OfRef.accept(ForEachOps.java:183)
	at java.base/java.util.stream.ReferencePipeline$3$1.accept(ReferencePipeline.java:197)
	at java.base/java.util.Spliterators$ArraySpliterator.forEachRemaining(Spliterators.java:992)
	at java.base/java.util.stream.AbstractPipeline.copyInto(AbstractPipeline.java:509)
	at java.base/java.util.stream.AbstractPipeline.wrapAndCopyInto(AbstractPipeline.java:499)
	at java.base/java.util.stream.ForEachOps$ForEachOp.evaluateSequential(ForEachOps.java:150)
	at java.base/java.util.stream.ForEachOps$ForEachOp$OfRef.evaluateSequential(ForEachOps.java:173)
	at java.base/java.util.stream.AbstractPipeline.evaluate(AbstractPipeline.java:234)
	at java.base/java.util.stream.ReferencePipeline.forEach(ReferencePipeline.java:596)
	at java.base/java.util.stream.ReferencePipeline$7$1.accept(ReferencePipeline.java:276)
	at java.base/java.util.stream.ReferencePipeline$3$1.accept(ReferencePipeline.java:197)
	at java.base/java.util.stream.ReferencePipeline$3$1.accept(ReferencePipeline.java:197)
	at java.base/java.util.stream.ReferencePipeline$3$1.accept(ReferencePipeline.java:197)
	at java.base/java.util.Spliterators$ArraySpliterator.forEachRemaining(Spliterators.java:992)
	at java.base/java.util.stream.AbstractPipeline.copyInto(AbstractPipeline.java:509)
	at java.base/java.util.stream.AbstractPipeline.wrapAndCopyInto(AbstractPipeline.java:499)
	at java.base/java.util.stream.ForEachOps$ForEachOp.evaluateSequential(ForEachOps.java:150)
	at java.base/java.util.stream.ForEachOps$ForEachOp$OfRef.evaluateSequential(ForEachOps.java:173)
	at java.base/java.util.stream.AbstractPipeline.evaluate(AbstractPipeline.java:234)
	at java.base/java.util.stream.ReferencePipeline.forEach(ReferencePipeline.java:596)
	at java.base/java.util.stream.ReferencePipeline$7$1.accept(ReferencePipeline.java:276)
	at java.base/java.util.ArrayList$ArrayListSpliterator.forEachRemaining(ArrayList.java:1625)
	at java.base/java.util.stream.AbstractPipeline.copyInto(AbstractPipeline.java:509)
	at java.base/java.util.stream.AbstractPipeline.wrapAndCopyInto(AbstractPipeline.java:499)
	at java.base/java.util.stream.ForEachOps$ForEachOp.evaluateSequential(ForEachOps.java:150)
	at java.base/java.util.stream.ForEachOps$ForEachOp$OfRef.evaluateSequential(ForEachOps.java:173)
	at java.base/java.util.stream.AbstractPipeline.evaluate(AbstractPipeline.java:234)
	at java.base/java.util.stream.ReferencePipeline.forEach(ReferencePipeline.java:596)
	at java.base/java.util.stream.ReferencePipeline$7$1.accept(ReferencePipeline.java:276)
	at java.base/java.util.stream.ReferencePipeline$3$1.accept(ReferencePipeline.java:197)
	at java.base/java.util.stream.ReferencePipeline$3$1.accept(ReferencePipeline.java:197)
	at java.base/java.util.stream.ReferencePipeline$3$1.accept(ReferencePipeline.java:197)
	at java.base/java.util.ArrayList$ArrayListSpliterator.forEachRemaining(ArrayList.java:1625)
	at java.base/java.util.stream.AbstractPipeline.copyInto(AbstractPipeline.java:509)
	at java.base/java.util.stream.AbstractPipeline.wrapAndCopyInto(AbstractPipeline.java:499)
	at java.base/java.util.stream.ForEachOps$ForEachOp.evaluateSequential(ForEachOps.java:150)
	at java.base/java.util.stream.ForEachOps$ForEachOp$OfRef.evaluateSequential(ForEachOps.java:173)
	at java.base/java.util.stream.AbstractPipeline.evaluate(AbstractPipeline.java:234)
	at java.base/java.util.stream.ReferencePipeline.forEach(ReferencePipeline.java:596)
	at java.base/java.util.stream.ReferencePipeline$7$1.accept(ReferencePipeline.java:276)
	at java.base/java.util.ArrayList$ArrayListSpliterator.forEachRemaining(ArrayList.java:1625)
	at java.base/java.util.stream.AbstractPipeline.copyInto(AbstractPipeline.java:509)
	at java.base/java.util.stream.AbstractPipeline.wrapAndCopyInto(AbstractPipeline.java:499)
	at java.base/java.util.stream.ForEachOps$ForEachOp.evaluateSequential(ForEachOps.java:150)
	at java.base/java.util.stream.ForEachOps$ForEachOp$OfRef.evaluateSequential(ForEachOps.java:173)
	at java.base/java.util.stream.AbstractPipeline.evaluate(AbstractPipeline.java:234)
	at java.base/java.util.stream.ReferencePipeline.forEach(ReferencePipeline.java:596)
	at java.base/java.util.ArrayList.forEach(ArrayList.java:1511)
	at java.base/java.util.ArrayList.forEach(ArrayList.java:1511)
]]></failure>
    <system-out><![CDATA[Error:
PLEASE submit a bug report to https://github.com/llvm/llvm-project/issues/ and include the crash backtrace.
Stack dump:
0.	Program arguments: lli src/test/resources/ll/merge-sort.ll
 #0 0x00007f6abf62ad01 llvm::sys::PrintStackTrace(llvm::raw_ostream&, int) (/lib/x86_64-linux-gnu/libLLVM-14.so.1+0xe3fd01)
 #1 0x00007f6abf628a3e llvm::sys::RunSignalHandlers() (/lib/x86_64-linux-gnu/libLLVM-14.so.1+0xe3da3e)
 #2 0x00007f6abf62b236 (/lib/x86_64-linux-gnu/libLLVM-14.so.1+0xe40236)
 #3 0x00007f6abe2d1520 (/lib/x86_64-linux-gnu/libc.so.6+0x42520)
 #4 0x00007f6ac5102155 
 #5 0x00007f6ac5102047 
 #6 0x00007f6ac5102047 
 #7 0x00007f6ac51021ed 
 #8 0x00007f6ac107284d llvm::orc::runAsMain(int (*)(int, char**), llvm::ArrayRef<std::__cxx11::basic_string<char, std::char_traits<char>, std::allocator<char> > >, llvm::Optional<llvm::StringRef>) (/lib/x86_64-linux-gnu/libLLVM-14.so.1+0x288784d)
 #9 0x0000000000418110 runOrcJIT(char const*) (/usr/lib/llvm-14/bin/lli+0x418110)
#10 0x0000000000412cc8 main (/usr/lib/llvm-14/bin/lli+0x412cc8)
#11 0x00007f6abe2b8d90 __libc_start_call_main ./csu/../sysdeps/nptl/libc_start_call_main.h:58:16
#12 0x00007f6abe2b8e40 call_init ./csu/../csu/libc-start.c:128:20
#13 0x00007f6abe2b8e40 __libc_start_main ./csu/../csu/libc-start.c:379:5
#14 0x000000000040fe15 _start (/usr/lib/llvm-14/bin/lli+0x40fe15)

]]></system-out>
  </testcase>
  <testcase name="testAll(String)[12]" classname="cn.edu.nju.software.naivetest.TestFrontEnd" time="0.203">
    <failure message="expected: &lt;true&gt; but was: &lt;false&gt;" type="org.opentest4j.AssertionFailedError"><![CDATA[org.opentest4j.AssertionFailedError: expected: <true> but was: <false>
	at org.junit.jupiter.api.AssertionFailureBuilder.build(AssertionFailureBuilder.java:151)
	at org.junit.jupiter.api.AssertionFailureBuilder.buildAndThrow(AssertionFailureBuilder.java:132)
	at org.junit.jupiter.api.AssertTrue.failNotTrue(AssertTrue.java:63)
	at org.junit.jupiter.api.AssertTrue.assertTrue(AssertTrue.java:36)
	at org.junit.jupiter.api.AssertTrue.assertTrue(AssertTrue.java:31)
	at org.junit.jupiter.api.Assertions.assertTrue(Assertions.java:183)
	at cn.edu.nju.software.naivetest.TestFrontEnd.testFile(TestFrontEnd.java:73)
	at cn.edu.nju.software.naivetest.TestFrontEnd.testAll(TestFrontEnd.java:62)
	at java.base/java.lang.reflect.Method.invoke(Method.java:568)
	at java.base/java.util.stream.ForEachOps$ForEachOp$OfRef.accept(ForEachOps.java:183)
	at java.base/java.util.stream.ReferencePipeline$3$1.accept(ReferencePipeline.java:197)
	at java.base/java.util.stream.ReferencePipeline$2$1.accept(ReferencePipeline.java:179)
	at java.base/java.util.stream.ReferencePipeline$3$1.accept(ReferencePipeline.java:197)
	at java.base/java.util.stream.ForEachOps$ForEachOp$OfRef.accept(ForEachOps.java:183)
	at java.base/java.util.stream.ReferencePipeline$3$1.accept(ReferencePipeline.java:197)
	at java.base/java.util.stream.ReferencePipeline$3$1.accept(ReferencePipeline.java:197)
	at java.base/java.util.stream.ReferencePipeline$3$1.accept(ReferencePipeline.java:197)
	at java.base/java.util.stream.ForEachOps$ForEachOp$OfRef.accept(ForEachOps.java:183)
	at java.base/java.util.stream.ForEachOps$ForEachOp$OfRef.accept(ForEachOps.java:183)
	at java.base/java.util.stream.ReferencePipeline$3$1.accept(ReferencePipeline.java:197)
	at java.base/java.util.stream.ForEachOps$ForEachOp$OfRef.accept(ForEachOps.java:183)
	at java.base/java.util.stream.ReferencePipeline$3$1.accept(ReferencePipeline.java:197)
	at java.base/java.util.Spliterators$ArraySpliterator.forEachRemaining(Spliterators.java:992)
	at java.base/java.util.stream.AbstractPipeline.copyInto(AbstractPipeline.java:509)
	at java.base/java.util.stream.AbstractPipeline.wrapAndCopyInto(AbstractPipeline.java:499)
	at java.base/java.util.stream.ForEachOps$ForEachOp.evaluateSequential(ForEachOps.java:150)
	at java.base/java.util.stream.ForEachOps$ForEachOp$OfRef.evaluateSequential(ForEachOps.java:173)
	at java.base/java.util.stream.AbstractPipeline.evaluate(AbstractPipeline.java:234)
	at java.base/java.util.stream.ReferencePipeline.forEach(ReferencePipeline.java:596)
	at java.base/java.util.stream.ReferencePipeline$7$1.accept(ReferencePipeline.java:276)
	at java.base/java.util.stream.ReferencePipeline$3$1.accept(ReferencePipeline.java:197)
	at java.base/java.util.stream.ReferencePipeline$3$1.accept(ReferencePipeline.java:197)
	at java.base/java.util.stream.ReferencePipeline$3$1.accept(ReferencePipeline.java:197)
	at java.base/java.util.Spliterators$ArraySpliterator.forEachRemaining(Spliterators.java:992)
	at java.base/java.util.stream.AbstractPipeline.copyInto(AbstractPipeline.java:509)
	at java.base/java.util.stream.AbstractPipeline.wrapAndCopyInto(AbstractPipeline.java:499)
	at java.base/java.util.stream.ForEachOps$ForEachOp.evaluateSequential(ForEachOps.java:150)
	at java.base/java.util.stream.ForEachOps$ForEachOp$OfRef.evaluateSequential(ForEachOps.java:173)
	at java.base/java.util.stream.AbstractPipeline.evaluate(AbstractPipeline.java:234)
	at java.base/java.util.stream.ReferencePipeline.forEach(ReferencePipeline.java:596)
	at java.base/java.util.stream.ReferencePipeline$7$1.accept(ReferencePipeline.java:276)
	at java.base/java.util.ArrayList$ArrayListSpliterator.forEachRemaining(ArrayList.java:1625)
	at java.base/java.util.stream.AbstractPipeline.copyInto(AbstractPipeline.java:509)
	at java.base/java.util.stream.AbstractPipeline.wrapAndCopyInto(AbstractPipeline.java:499)
	at java.base/java.util.stream.ForEachOps$ForEachOp.evaluateSequential(ForEachOps.java:150)
	at java.base/java.util.stream.ForEachOps$ForEachOp$OfRef.evaluateSequential(ForEachOps.java:173)
	at java.base/java.util.stream.AbstractPipeline.evaluate(AbstractPipeline.java:234)
	at java.base/java.util.stream.ReferencePipeline.forEach(ReferencePipeline.java:596)
	at java.base/java.util.stream.ReferencePipeline$7$1.accept(ReferencePipeline.java:276)
	at java.base/java.util.stream.ReferencePipeline$3$1.accept(ReferencePipeline.java:197)
	at java.base/java.util.stream.ReferencePipeline$3$1.accept(ReferencePipeline.java:197)
	at java.base/java.util.stream.ReferencePipeline$3$1.accept(ReferencePipeline.java:197)
	at java.base/java.util.ArrayList$ArrayListSpliterator.forEachRemaining(ArrayList.java:1625)
	at java.base/java.util.stream.AbstractPipeline.copyInto(AbstractPipeline.java:509)
	at java.base/java.util.stream.AbstractPipeline.wrapAndCopyInto(AbstractPipeline.java:499)
	at java.base/java.util.stream.ForEachOps$ForEachOp.evaluateSequential(ForEachOps.java:150)
	at java.base/java.util.stream.ForEachOps$ForEachOp$OfRef.evaluateSequential(ForEachOps.java:173)
	at java.base/java.util.stream.AbstractPipeline.evaluate(AbstractPipeline.java:234)
	at java.base/java.util.stream.ReferencePipeline.forEach(ReferencePipeline.java:596)
	at java.base/java.util.stream.ReferencePipeline$7$1.accept(ReferencePipeline.java:276)
	at java.base/java.util.ArrayList$ArrayListSpliterator.forEachRemaining(ArrayList.java:1625)
	at java.base/java.util.stream.AbstractPipeline.copyInto(AbstractPipeline.java:509)
	at java.base/java.util.stream.AbstractPipeline.wrapAndCopyInto(AbstractPipeline.java:499)
	at java.base/java.util.stream.ForEachOps$ForEachOp.evaluateSequential(ForEachOps.java:150)
	at java.base/java.util.stream.ForEachOps$ForEachOp$OfRef.evaluateSequential(ForEachOps.java:173)
	at java.base/java.util.stream.AbstractPipeline.evaluate(AbstractPipeline.java:234)
	at java.base/java.util.stream.ReferencePipeline.forEach(ReferencePipeline.java:596)
	at java.base/java.util.ArrayList.forEach(ArrayList.java:1511)
	at java.base/java.util.ArrayList.forEach(ArrayList.java:1511)
]]></failure>
    <system-out><![CDATA[Error:
JIT session error: Symbols not found: [ putint ]
lli: Failed to materialize symbols: { (main, { main }) }

]]></system-out>
  </testcase>
  <testcase name="testFrontEnd(String)[1]" classname="cn.edu.nju.software.naivetest.TestFrontEnd" time="0.196">
    <system-err><![CDATA[0
]]></system-err>
  </testcase>
</testsuite>