<?xml version="1.0" encoding="UTF-8"?>
<testsuite xmlns:xsi="http://www.w3.org/2001/XMLSchema-instance" xsi:noNamespaceSchemaLocation="https://maven.apache.org/surefire/maven-surefire-plugin/xsd/surefire-test-report-3.0.xsd" version="3.0" name="cn.edu.nju.software.naivetest.TestParseTree" time="0.004" tests="1" errors="0" skipped="0" failures="0">
  <properties>
[...]
</properties>
  <testcase name="test" classname="cn.edu.nju.software.naivetest.TestParseTree" time="0.003">
    <system-err><![CDATA[java.io.IOException: No such file or directory
	at java.base/java.io.UnixFileSystem.createFileExclusively(Native Method)
	at java.base/java.io.File.createNewFile(File.java:1043)
	at cn.edu.nju.software.ir.module.ModuleRef.dumpToFile(ModuleRef.java:131)
	at cn.edu.nju.software.Main.execute(Main.java:91)
	at cn.edu.nju.software.Main.lambda$main$0(Main.java:29)
	at java.base/java.lang.Thread.run(Thread.java:840)
java.io.FileNotFoundException: output/add.ll (No such file or directory)
	at java.base/java.io.FileOutputStream.open0(Native Method)
	at java.base/java.io.FileOutputStream.open(FileOutputStream.java:293)
	at java.base/java.io.FileOutputStream.<init>(FileOutputStream.java:235)
	at java.base/java.io.FileOutputStream.<init>(FileOutputStream.java:123)
	at cn.edu.nju.software.ir.module.ModuleRef.dumpToFile(ModuleRef.java:138)
	at cn.edu.nju.software.Main.execute(Main.java:91)
	at cn.edu.nju.software.Main.lambda$main$0(Main.java:29)
	at java.base/java.lang.Thread.run(Thread.java:840)
]]></system-err>
  </testcase>
</testsuite>